[2025-11-25T03:08:33.176Z] INFO  API escuchando en http://localhost:3001 | {"port":3001}
[2025-11-25T03:08:33.898Z] INFO  API escuchando en http://localhost:3001 | {"port":3001}
[2025-11-25T03:10:02.428Z] INFO  REQUEST | {"method":"GET","url":"/admin/codigos","ip":"::1"}
[2025-11-25T03:10:07.311Z] INFO  REQUEST | {"method":"GET","url":"/admin/evaluaciones","ip":"::1"}
[2025-11-25T03:10:09.544Z] INFO  REQUEST | {"method":"GET","url":"/admin/evaluaciones-por-evaluado","ip":"::1"}
[2025-11-25T03:28:03.611Z] INFO  REQUEST | {"method":"POST","url":"/admin/codigos","ip":"::1"}
[2025-11-25T03:28:03.635Z] INFO  Código creado | {"endpoint":"/admin/codigos","id":4,"codigo":"JDI251"}
[2025-11-25T03:28:04.991Z] INFO  API escuchando en http://localhost:3001 | {"port":3001}
[2025-11-25T03:28:58.043Z] INFO  REQUEST | {"method":"POST","url":"/admin/codigos","ip":"::1"}
[2025-11-25T03:28:58.061Z] INFO  Código creado | {"endpoint":"/admin/codigos","id":5,"codigo":"SRC801"}
[2025-11-25T03:31:32.448Z] INFO  REQUEST | {"method":"POST","url":"/captura/sesion","ip":"::1"}
[2025-11-25T03:31:32.454Z] WARN  Código no encontrado o inactivo | {"code":404,"endpoint":"/captura/sesion","codigo":"123123"}
[2025-11-25T03:31:59.850Z] INFO  REQUEST | {"method":"POST","url":"/captura/sesion","ip":"::1"}
[2025-11-25T03:31:59.887Z] INFO  Sesión creada | {"endpoint":"/captura/sesion","sesion_id":5,"codigo":"ABC123"}
[2025-11-25T03:32:02.198Z] INFO  REQUEST | {"method":"POST","url":"/captura/respuestas","ip":"::1"}
[2025-11-25T03:32:02.216Z] INFO  Respuestas guardadas | {"endpoint":"/captura/respuestas","sesion_id":5,"inserted":1,"updated":0}
[2025-11-25T03:32:02.232Z] INFO  REQUEST | {"method":"POST","url":"/captura/finalizar","ip":"::1"}
[2025-11-25T03:32:02.247Z] INFO  Sesión finalizada | {"endpoint":"/captura/finalizar","sesion_id":5}
[2025-11-25T03:32:35.911Z] INFO  REQUEST | {"method":"POST","url":"/admin/codigos","ip":"::1"}
[2025-11-25T03:32:35.965Z] INFO  Código creado | {"endpoint":"/admin/codigos","id":6,"codigo":"PMN475"}
[2025-11-25T03:32:37.624Z] INFO  REQUEST | {"method":"POST","url":"/admin/codigos","ip":"::1"}
[2025-11-25T03:32:37.674Z] INFO  Código creado | {"endpoint":"/admin/codigos","id":7,"codigo":"RKD589"}
[2025-11-25T03:32:39.038Z] INFO  REQUEST | {"method":"POST","url":"/admin/codigos","ip":"::1"}
[2025-11-25T03:32:39.081Z] INFO  Código creado | {"endpoint":"/admin/codigos","id":8,"codigo":"MSK399"}
[2025-11-25T03:32:41.521Z] INFO  REQUEST | {"method":"GET","url":"/admin/evaluaciones","ip":"::1"}
[2025-11-25T03:32:45.179Z] INFO  REQUEST | {"method":"GET","url":"/admin/evaluaciones-por-evaluado","ip":"::1"}
[2025-11-25T03:33:15.660Z] INFO  REQUEST | {"method":"POST","url":"/captura/sesion","ip":"::1"}
[2025-11-25T03:33:15.694Z] INFO  Sesión creada | {"endpoint":"/captura/sesion","sesion_id":6,"codigo":"ABC123"}
[2025-11-25T03:33:25.502Z] INFO  REQUEST | {"method":"POST","url":"/captura/sesion","ip":"::1"}
[2025-11-25T03:33:25.528Z] INFO  Sesión creada | {"endpoint":"/captura/sesion","sesion_id":7,"codigo":"ABC123"}
[2025-11-25T03:35:42.413Z] INFO  API escuchando en http://localhost:3001 | {"port":3001}
[2025-11-25T03:36:35.653Z] INFO  REQUEST | {"method":"POST","url":"/","ip":"::1"}
[2025-11-25T03:36:35.656Z] WARN  Ruta no encontrada | {"code":404,"endpoint":"/","method":"POST"}
[2025-11-25T03:37:13.179Z] INFO  REQUEST | {"method":"POST","url":"/captura/respuestas","ip":"::1"}
[2025-11-25T03:37:13.180Z] WARN  token_sesion requerido | {"code":400,"endpoint":"/captura/respuestas"}
[2025-11-25T03:37:18.093Z] ERROR Excepción no controlada | Expected property name or '}' in JSON at position 1 | SyntaxError: Expected property name or '}' in JSON at position 1
    at JSON.parse (<anonymous>)
    at parse (C:\Eva360\back\node_modules\body-parser\lib\types\json.js:92:19)
    at C:\Eva360\back\node_modules\body-parser\lib\read.js:128:18
    at AsyncResource.runInAsyncScope (node:async_hooks:206:9)
    at invokeCallback (C:\Eva360\back\node_modules\raw-body\index.js:238:16)
    at done (C:\Eva360\back\node_modules\raw-body\index.js:227:7)
    at IncomingMessage.onEnd (C:\Eva360\back\node_modules\raw-body\index.js:287:7)
    at IncomingMessage.emit (node:events:524:28)
    at endReadableNT (node:internal/streams/readable:1698:12)
    at process.processTicksAndRejections (node:internal/process/task_queues:82:21)
[2025-11-25T03:37:23.290Z] INFO  REQUEST | {"method":"POST","url":"/captura/respuestas","ip":"::1"}
[2025-11-25T03:37:23.291Z] WARN  token_sesion requerido | {"code":400,"endpoint":"/captura/respuestas"}
[2025-11-25T03:38:43.483Z] ERROR Excepción no controlada | Unexpected token 'g', "guardarRes"... is not valid JSON | SyntaxError: Unexpected token 'g', "guardarRes"... is not valid JSON
    at JSON.parse (<anonymous>)
    at createStrictSyntaxError (C:\Eva360\back\node_modules\body-parser\lib\types\json.js:169:10)
    at parse (C:\Eva360\back\node_modules\body-parser\lib\types\json.js:86:15)
    at C:\Eva360\back\node_modules\body-parser\lib\read.js:128:18
    at AsyncResource.runInAsyncScope (node:async_hooks:206:9)
    at invokeCallback (C:\Eva360\back\node_modules\raw-body\index.js:238:16)
    at done (C:\Eva360\back\node_modules\raw-body\index.js:227:7)
    at IncomingMessage.onEnd (C:\Eva360\back\node_modules\raw-body\index.js:287:7)
    at IncomingMessage.emit (node:events:524:28)
    at endReadableNT (node:internal/streams/readable:1698:12)
[2025-11-25T03:38:53.288Z] ERROR Excepción no controlada | Expected property name or '}' in JSON at position 1 | SyntaxError: Expected property name or '}' in JSON at position 1
    at JSON.parse (<anonymous>)
    at parse (C:\Eva360\back\node_modules\body-parser\lib\types\json.js:92:19)
    at C:\Eva360\back\node_modules\body-parser\lib\read.js:128:18
    at AsyncResource.runInAsyncScope (node:async_hooks:206:9)
    at invokeCallback (C:\Eva360\back\node_modules\raw-body\index.js:238:16)
    at done (C:\Eva360\back\node_modules\raw-body\index.js:227:7)
    at IncomingMessage.onEnd (C:\Eva360\back\node_modules\raw-body\index.js:287:7)
    at IncomingMessage.emit (node:events:524:28)
    at endReadableNT (node:internal/streams/readable:1698:12)
    at process.processTicksAndRejections (node:internal/process/task_queues:82:21)
[2025-11-25T03:39:25.948Z] ERROR Excepción no controlada | Expected ':' after property name in JSON at position 17 | SyntaxError: Expected ':' after property name in JSON at position 17
    at JSON.parse (<anonymous>)
    at parse (C:\Eva360\back\node_modules\body-parser\lib\types\json.js:92:19)
    at C:\Eva360\back\node_modules\body-parser\lib\read.js:128:18
    at AsyncResource.runInAsyncScope (node:async_hooks:206:9)
    at invokeCallback (C:\Eva360\back\node_modules\raw-body\index.js:238:16)
    at done (C:\Eva360\back\node_modules\raw-body\index.js:227:7)
    at IncomingMessage.onEnd (C:\Eva360\back\node_modules\raw-body\index.js:287:7)
    at IncomingMessage.emit (node:events:524:28)
    at endReadableNT (node:internal/streams/readable:1698:12)
    at process.processTicksAndRejections (node:internal/process/task_queues:82:21)
[2025-11-25T03:42:37.298Z] INFO  REQUEST | {"method":"POST","url":"/captura/respuestas","ip":"::1"}
[2025-11-25T03:42:37.312Z] WARN  Sesión no encontrada | {"code":404,"endpoint":"/captura/respuestas","token_sesion":"TOKEN_FAKE_123"}
[2025-11-25T03:43:30.395Z] INFO  REQUEST | {"method":"POST","url":"/captura/sesion","ip":"::1"}
[2025-11-25T03:43:30.453Z] INFO  Sesión creada | {"endpoint":"/captura/sesion","sesion_id":8,"codigo":"ABC123"}
[2025-11-25T03:43:56.300Z] INFO  REQUEST | {"method":"POST","url":"/captura/respuestas","ip":"::1"}
[2025-11-25T03:43:56.392Z] INFO  Respuestas guardadas | {"endpoint":"/captura/respuestas","sesion_id":8,"inserted":1,"updated":0}
[2025-11-25T03:43:56.404Z] INFO  REQUEST | {"method":"POST","url":"/captura/finalizar","ip":"::1"}
[2025-11-25T03:43:56.425Z] INFO  Sesión finalizada | {"endpoint":"/captura/finalizar","sesion_id":8}
[2025-11-25T03:44:16.663Z] INFO  REQUEST | {"method":"POST","url":"/captura/finalizar","ip":"::1"}
[2025-11-25T03:44:16.664Z] WARN  Sesión ya finalizada | {"code":409,"endpoint":"/captura/finalizar","token_sesion":"63f6bd6a0cb1b0a4deab391cf61b85573be5de7e88561457"}
[2025-11-25T03:44:51.482Z] INFO  REQUEST | {"method":"POST","url":"/captura/sesion","ip":"::1"}
[2025-11-25T03:44:51.509Z] INFO  Sesión creada | {"endpoint":"/captura/sesion","sesion_id":9,"codigo":"ABC123"}
[2025-11-25T03:45:01.727Z] INFO  REQUEST | {"method":"POST","url":"/captura/respuestas","ip":"::1"}
[2025-11-25T03:45:01.728Z] WARN  Hay preguntas fuera de la encuesta | {"code":400,"endpoint":"/captura/respuestas","encuesta_id":1,"ids":[999]}
[2025-11-25T04:29:02.049Z] INFO  REQUEST | {"method":"POST","url":"/admin/codigos","ip":"::1"}
[2025-11-25T04:29:02.100Z] INFO  Código creado | {"endpoint":"/admin/codigos","id":9,"codigo":"RHM364"}
[2025-11-25T04:30:00.829Z] INFO  REQUEST | {"method":"POST","url":"/admin/codigos","ip":"::1"}
[2025-11-25T04:30:00.856Z] INFO  Código creado | {"endpoint":"/admin/codigos","id":10,"codigo":"QKI378"}
[2025-11-25T04:30:09.929Z] INFO  REQUEST | {"method":"POST","url":"/captura/sesion","ip":"::1"}
[2025-11-25T04:30:09.971Z] INFO  Sesión creada | {"endpoint":"/captura/sesion","sesion_id":10,"codigo":"QKI378"}
[2025-11-25T04:30:17.005Z] INFO  REQUEST | {"method":"POST","url":"/captura/respuestas","ip":"::1"}
[2025-11-25T04:30:17.036Z] INFO  Respuestas guardadas | {"endpoint":"/captura/respuestas","sesion_id":10,"inserted":3,"updated":0}
[2025-11-25T04:30:17.048Z] INFO  REQUEST | {"method":"POST","url":"/captura/finalizar","ip":"::1"}
[2025-11-25T04:30:17.068Z] INFO  Sesión finalizada | {"endpoint":"/captura/finalizar","sesion_id":10}
[2025-11-25T04:31:31.818Z] INFO  REQUEST | {"method":"POST","url":"/admin/codigos","ip":"::1"}
[2025-11-25T04:31:31.861Z] INFO  Código creado | {"endpoint":"/admin/codigos","id":11,"codigo":"GID322"}
[2025-11-25T04:31:37.036Z] INFO  REQUEST | {"method":"POST","url":"/captura/sesion","ip":"::1"}
[2025-11-25T04:31:37.076Z] INFO  Sesión creada | {"endpoint":"/captura/sesion","sesion_id":11,"codigo":"GID322"}
[2025-11-25T04:31:40.310Z] INFO  REQUEST | {"method":"POST","url":"/captura/respuestas","ip":"::1"}
[2025-11-25T04:31:40.340Z] INFO  Respuestas guardadas | {"endpoint":"/captura/respuestas","sesion_id":11,"inserted":3,"updated":0}
[2025-11-25T04:31:40.352Z] INFO  REQUEST | {"method":"POST","url":"/captura/finalizar","ip":"::1"}
[2025-11-25T04:31:40.374Z] INFO  Sesión finalizada | {"endpoint":"/captura/finalizar","sesion_id":11}
[2025-11-25T04:32:32.439Z] INFO  REQUEST | {"method":"POST","url":"/admin/codigos","ip":"::1"}
[2025-11-25T04:32:32.465Z] INFO  Código creado | {"endpoint":"/admin/codigos","id":12,"codigo":"PTQ339"}
[2025-11-25T04:32:40.627Z] INFO  REQUEST | {"method":"POST","url":"/admin/codigos","ip":"::1"}
[2025-11-25T04:32:40.651Z] INFO  Código creado | {"endpoint":"/admin/codigos","id":13,"codigo":"VZO187"}
[2025-11-28T21:19:18.812Z] INFO  API escuchando en http://localhost:3001 | {"port":3001}
[2025-11-28T21:19:19.584Z] INFO  API escuchando en http://localhost:3001 | {"port":3001}
[2025-11-28T21:20:04.823Z] INFO  REQUEST | {"method":"GET","url":"/admin/codigos","ip":"::1"}
[2025-11-28T21:20:06.458Z] INFO  REQUEST | {"method":"GET","url":"/admin/evaluaciones","ip":"::1"}
[2025-11-28T21:23:03.638Z] INFO  REQUEST | {"method":"GET","url":"/admin/codigos","ip":"::1"}
[2025-11-28T21:23:13.571Z] INFO  REQUEST | {"method":"POST","url":"/admin/codigos","ip":"::1"}
[2025-11-28T21:23:13.590Z] INFO  Código creado | {"endpoint":"/admin/codigos","id":14,"codigo":"ZKR023"}
[2025-11-28T21:23:14.496Z] INFO  API escuchando en http://localhost:3001 | {"port":3001}
[2025-11-28T21:23:17.298Z] INFO  REQUEST | {"method":"GET","url":"/admin/codigos","ip":"::1"}
[2025-11-28T21:23:25.518Z] INFO  REQUEST | {"method":"GET","url":"/admin/evaluaciones","ip":"::1"}
[2025-11-28T21:26:46.205Z] INFO  REQUEST | {"method":"GET","url":"/admin/evaluaciones","ip":"::1"}
[2025-11-28T21:26:50.373Z] INFO  REQUEST | {"method":"GET","url":"/admin/codigos","ip":"::1"}
[2025-11-28T21:28:40.732Z] INFO  REQUEST | {"method":"GET","url":"/admin/codigos","ip":"::1"}
[2025-11-28T21:28:44.621Z] INFO  REQUEST | {"method":"GET","url":"/admin/evaluaciones-por-evaluado","ip":"::1"}
[2025-11-28T21:28:46.027Z] INFO  REQUEST | {"method":"GET","url":"/admin/evaluaciones","ip":"::1"}
[2025-11-28T21:32:58.300Z] INFO  REQUEST | {"method":"GET","url":"/admin/codigos","ip":"::1"}
[2025-11-28T21:35:23.396Z] INFO  REQUEST | {"method":"GET","url":"/admin/codigos","ip":"::1"}
[2025-11-28T21:35:25.122Z] INFO  REQUEST | {"method":"GET","url":"/admin/codigos","ip":"::1"}
[2025-11-28T21:35:26.578Z] INFO  REQUEST | {"method":"GET","url":"/admin/codigos","ip":"::1"}
[2025-11-28T21:35:27.903Z] INFO  REQUEST | {"method":"GET","url":"/admin/evaluaciones","ip":"::1"}
[2025-11-28T21:35:29.270Z] INFO  REQUEST | {"method":"GET","url":"/admin/evaluaciones-por-evaluado","ip":"::1"}
[2025-11-29T00:02:14.585Z] INFO  API escuchando en http://localhost:3001 | {"port":3001}
[2025-11-29T00:03:00.921Z] INFO  REQUEST | {"method":"GET","url":"/admin/codigos","ip":"::1"}
[2025-11-29T00:03:03.820Z] INFO  REQUEST | {"method":"GET","url":"/admin/evaluaciones","ip":"::1"}
[2025-11-29T00:03:05.551Z] INFO  REQUEST | {"method":"GET","url":"/admin/evaluaciones-por-evaluado","ip":"::1"}
[2025-11-29T00:09:58.507Z] INFO  REQUEST | {"method":"GET","url":"/admin/codigos","ip":"::1"}
[2025-11-29T00:10:32.911Z] INFO  REQUEST | {"method":"GET","url":"/admin/evaluaciones-por-evaluado","ip":"::1"}
[2025-11-29T00:49:19.385Z] INFO  API escuchando en http://localhost:3001 | {"port":3001}
[2025-11-29T00:55:37.396Z] INFO  REQUEST | {"method":"GET","url":"/admin/codigos","ip":"::1"}
[2025-11-29T00:59:10.363Z] INFO  REQUEST | {"method":"GET","url":"/admin/codigos","ip":"::1"}
[2025-11-29T00:59:35.750Z] INFO  REQUEST | {"method":"GET","url":"/admin/evaluaciones-por-evaluado","ip":"::1"}
[2025-11-29T01:01:30.064Z] INFO  REQUEST | {"method":"GET","url":"/admin/evaluaciones","ip":"::1"}
[2025-11-29T01:02:31.454Z] INFO  REQUEST | {"method":"GET","url":"/admin/codigos","ip":"::1"}
[2025-11-29T01:04:02.273Z] INFO  REQUEST | {"method":"POST","url":"/captura/sesion","ip":"::1"}
[2025-11-29T01:04:02.284Z] INFO  Sesión creada | {"endpoint":"/captura/sesion","sesion_id":12,"codigo":"ABC123"}
[2025-11-29T01:50:49.470Z] INFO  API escuchando en http://localhost:3001 | {"port":3001}
[2025-11-29T02:23:34.647Z] INFO  API escuchando en http://localhost:3001 | {"port":3001}
[2025-11-29T02:28:48.270Z] INFO  REQUEST | {"method":"POST","url":"/captura/sesion","ip":"::1"}
[2025-11-29T02:28:48.288Z] INFO  Sesión creada | {"endpoint":"/captura/sesion","sesion_id":13,"codigo":"ABC123"}
[2025-11-29T04:01:48.843Z] INFO  API escuchando en http://localhost:3001 | {"port":3001}
[2025-11-29T04:05:46.215Z] INFO  REQUEST | {"method":"GET","url":"/admin/evaluaciones","ip":"::1"}
[2025-12-04T04:41:55.159Z] INFO  API escuchando en http://localhost:3001 | {"port":3001}
[2025-12-04T04:42:26.683Z] INFO  REQUEST | {"method":"GET","url":"/admin/codigos","ip":"::1"}
[2025-12-04T04:42:36.449Z] INFO  REQUEST | {"method":"PUT","url":"/admin/codigos/14","ip":"::1"}
[2025-12-04T04:42:36.466Z] INFO  Código actualizado | {"endpoint":"/admin/codigos/:id","id":14,"updates":3}
[2025-12-04T04:42:36.471Z] INFO  REQUEST | {"method":"GET","url":"/admin/codigos","ip":"::1"}
[2025-12-04T04:42:38.810Z] INFO  REQUEST | {"method":"GET","url":"/admin/evaluaciones","ip":"::1"}
[2025-12-04T04:42:43.960Z] INFO  REQUEST | {"method":"GET","url":"/admin/evaluaciones-por-evaluado","ip":"::1"}
[2025-12-04T04:44:39.599Z] INFO  REQUEST | {"method":"GET","url":"/admin/codigos","ip":"::1"}
[2025-12-04T04:44:51.412Z] INFO  REQUEST | {"method":"GET","url":"/admin/codigos","ip":"::1"}
[2025-12-04T04:44:54.002Z] INFO  REQUEST | {"method":"PUT","url":"/admin/codigos/14","ip":"::1"}
[2025-12-04T04:44:54.016Z] INFO  Código actualizado | {"endpoint":"/admin/codigos/:id","id":14,"updates":3}
[2025-12-04T04:44:54.024Z] INFO  REQUEST | {"method":"GET","url":"/admin/codigos","ip":"::1"}
[2025-12-04T04:46:15.181Z] INFO  REQUEST | {"method":"GET","url":"/admin/codigos","ip":"::1"}
[2025-12-04T04:46:19.196Z] INFO  REQUEST | {"method":"GET","url":"/admin/codigos","ip":"::1"}
[2025-12-04T04:46:24.208Z] INFO  REQUEST | {"method":"GET","url":"/admin/codigos","ip":"::1"}
[2025-12-04T04:46:53.614Z] INFO  REQUEST | {"method":"GET","url":"/admin/codigos","ip":"::1"}
[2025-12-04T04:48:35.362Z] INFO  REQUEST | {"method":"GET","url":"/admin/codigos","ip":"::1"}
[2025-12-04T04:48:41.044Z] INFO  REQUEST | {"method":"GET","url":"/admin/evaluaciones","ip":"::1"}
[2025-12-04T04:48:44.298Z] INFO  REQUEST | {"method":"POST","url":"/admin/codigos","ip":"::1"}
[2025-12-04T04:48:44.316Z] INFO  Código creado | {"endpoint":"/admin/codigos","id":15,"codigo":"GUC112"}
[2025-12-04T04:48:45.971Z] INFO  REQUEST | {"method":"GET","url":"/admin/codigos","ip":"::1"}
[2025-12-04T04:48:51.054Z] INFO  REQUEST | {"method":"PUT","url":"/admin/codigos/15","ip":"::1"}
[2025-12-04T04:48:51.077Z] INFO  Código actualizado | {"endpoint":"/admin/codigos/:id","id":15,"updates":3}
[2025-12-04T04:48:51.101Z] INFO  REQUEST | {"method":"GET","url":"/admin/codigos","ip":"::1"}
[2025-12-04T04:48:54.790Z] INFO  REQUEST | {"method":"PUT","url":"/admin/codigos/14","ip":"::1"}
[2025-12-04T04:48:54.813Z] INFO  Código actualizado | {"endpoint":"/admin/codigos/:id","id":14,"updates":3}
[2025-12-04T04:48:54.833Z] INFO  REQUEST | {"method":"GET","url":"/admin/codigos","ip":"::1"}
[2025-12-04T04:49:16.266Z] INFO  REQUEST | {"method":"PUT","url":"/admin/codigos/12","ip":"::1"}
[2025-12-04T04:49:16.289Z] INFO  Código actualizado | {"endpoint":"/admin/codigos/:id","id":12,"updates":3}
[2025-12-04T04:49:16.314Z] INFO  REQUEST | {"method":"GET","url":"/admin/codigos","ip":"::1"}
[2025-12-04T04:49:27.031Z] INFO  REQUEST | {"method":"GET","url":"/admin/codigos","ip":"::1"}
[2025-12-04T04:49:43.919Z] INFO  REQUEST | {"method":"PUT","url":"/admin/codigos/14","ip":"::1"}
[2025-12-04T04:49:43.942Z] INFO  Código actualizado | {"endpoint":"/admin/codigos/:id","id":14,"updates":3}
[2025-12-04T04:49:43.970Z] INFO  REQUEST | {"method":"GET","url":"/admin/codigos","ip":"::1"}
[2025-12-04T04:51:15.275Z] INFO  REQUEST | {"method":"GET","url":"/admin/codigos","ip":"::1"}
[2025-12-04T04:52:06.246Z] INFO  REQUEST | {"method":"GET","url":"/admin/codigos","ip":"::1"}
[2025-12-04T04:52:14.589Z] INFO  REQUEST | {"method":"GET","url":"/admin/codigos","ip":"::1"}
[2025-12-04T04:52:36.094Z] INFO  API escuchando en http://localhost:3001 | {"port":3001}
[2025-12-04T04:53:25.294Z] INFO  REQUEST | {"method":"GET","url":"/admin/codigos","ip":"::1"}
[2025-12-04T04:53:39.203Z] INFO  REQUEST | {"method":"PUT","url":"/admin/codigos/7","ip":"::1"}
[2025-12-04T04:53:39.227Z] INFO  Código actualizado | {"endpoint":"/admin/codigos/:id","id":7,"updates":3}
[2025-12-04T04:53:39.235Z] INFO  REQUEST | {"method":"GET","url":"/admin/codigos","ip":"::1"}
[2025-12-04T04:53:45.799Z] INFO  REQUEST | {"method":"PUT","url":"/admin/codigos/15","ip":"::1"}
[2025-12-04T04:53:45.821Z] INFO  Código actualizado | {"endpoint":"/admin/codigos/:id","id":15,"updates":3}
[2025-12-04T04:53:45.846Z] INFO  REQUEST | {"method":"GET","url":"/admin/codigos","ip":"::1"}
[2025-12-04T04:54:02.224Z] INFO  REQUEST | {"method":"PUT","url":"/admin/codigos/4","ip":"::1"}
[2025-12-04T04:54:02.246Z] INFO  Código actualizado | {"endpoint":"/admin/codigos/:id","id":4,"updates":3}
[2025-12-04T04:54:02.276Z] INFO  REQUEST | {"method":"GET","url":"/admin/codigos","ip":"::1"}
[2025-12-04T04:54:05.143Z] INFO  REQUEST | {"method":"PUT","url":"/admin/codigos/15","ip":"::1"}
[2025-12-04T04:54:05.165Z] INFO  Código actualizado | {"endpoint":"/admin/codigos/:id","id":15,"updates":3}
[2025-12-04T04:54:05.190Z] INFO  REQUEST | {"method":"GET","url":"/admin/codigos","ip":"::1"}
[2025-12-04T04:54:12.074Z] INFO  REQUEST | {"method":"PUT","url":"/admin/codigos/15","ip":"::1"}
[2025-12-04T04:54:12.089Z] INFO  Código actualizado | {"endpoint":"/admin/codigos/:id","id":15,"updates":3}
[2025-12-04T04:54:12.123Z] INFO  REQUEST | {"method":"GET","url":"/admin/codigos","ip":"::1"}
[2025-12-04T04:54:31.708Z] INFO  REQUEST | {"method":"PUT","url":"/admin/codigos/14","ip":"::1"}
[2025-12-04T04:54:31.730Z] INFO  Código actualizado | {"endpoint":"/admin/codigos/:id","id":14,"updates":3}
[2025-12-04T04:54:31.753Z] INFO  REQUEST | {"method":"GET","url":"/admin/codigos","ip":"::1"}
[2025-12-04T04:54:38.219Z] INFO  REQUEST | {"method":"PUT","url":"/admin/codigos/15","ip":"::1"}
[2025-12-04T04:54:38.233Z] INFO  Código actualizado | {"endpoint":"/admin/codigos/:id","id":15,"updates":3}
[2025-12-04T04:54:38.275Z] INFO  REQUEST | {"method":"GET","url":"/admin/codigos","ip":"::1"}
[2025-12-04T04:55:15.244Z] INFO  REQUEST | {"method":"GET","url":"/admin/codigos","ip":"::1"}
[2025-12-04T04:55:18.226Z] INFO  REQUEST | {"method":"GET","url":"/admin/codigos","ip":"::1"}
[2025-12-04T04:55:32.218Z] INFO  REQUEST | {"method":"GET","url":"/admin/codigos","ip":"::1"}
[2025-12-04T04:55:40.217Z] INFO  REQUEST | {"method":"GET","url":"/admin/codigos","ip":"::1"}
[2025-12-04T04:55:49.183Z] INFO  REQUEST | {"method":"GET","url":"/admin/codigos","ip":"::1"}
[2025-12-04T04:55:59.182Z] INFO  REQUEST | {"method":"GET","url":"/admin/codigos","ip":"::1"}
[2025-12-04T04:56:07.229Z] INFO  REQUEST | {"method":"GET","url":"/admin/codigos","ip":"::1"}
[2025-12-04T04:56:09.210Z] INFO  REQUEST | {"method":"GET","url":"/admin/codigos","ip":"::1"}
[2025-12-04T04:56:21.223Z] INFO  REQUEST | {"method":"GET","url":"/admin/codigos","ip":"::1"}
[2025-12-04T04:56:34.498Z] INFO  REQUEST | {"method":"GET","url":"/admin/codigos","ip":"::1"}
[2025-12-04T04:56:36.620Z] INFO  REQUEST | {"method":"DELETE","url":"/admin/codigos/15","ip":"::1"}
[2025-12-04T04:56:36.620Z] INFO  Iniciando eliminación de código | {"id":15,"endpoint":"/admin/codigos/:id"}
[2025-12-04T04:56:36.621Z] INFO  Código encontrado | {"id":15,"codigo":"GUC112"}
[2025-12-04T04:56:36.621Z] INFO  Sesiones encontradas | {"id":15,"count":0}
[2025-12-04T04:56:36.622Z] INFO  Ejecutando transacción de eliminación | {"id":15,"codigo":"GUC112"}
[2025-12-04T04:56:36.636Z] INFO  Código eliminado exitosamente | {"endpoint":"/admin/codigos/:id","id":15,"codigo":"GUC112","changes":1}
[2025-12-04T04:56:36.672Z] INFO  REQUEST | {"method":"GET","url":"/admin/codigos","ip":"::1"}
[2025-12-04T04:56:37.758Z] INFO  REQUEST | {"method":"DELETE","url":"/admin/codigos/14","ip":"::1"}
[2025-12-04T04:56:37.759Z] INFO  Iniciando eliminación de código | {"id":14,"endpoint":"/admin/codigos/:id"}
[2025-12-04T04:56:37.759Z] INFO  Código encontrado | {"id":14,"codigo":"ZKR023"}
[2025-12-04T04:56:37.760Z] INFO  Sesiones encontradas | {"id":14,"count":0}
[2025-12-04T04:56:37.760Z] INFO  Ejecutando transacción de eliminación | {"id":14,"codigo":"ZKR023"}
[2025-12-04T04:56:37.783Z] INFO  Código eliminado exitosamente | {"endpoint":"/admin/codigos/:id","id":14,"codigo":"ZKR023","changes":1}
[2025-12-04T04:56:37.816Z] INFO  REQUEST | {"method":"GET","url":"/admin/codigos","ip":"::1"}
[2025-12-04T04:56:38.619Z] INFO  REQUEST | {"method":"DELETE","url":"/admin/codigos/13","ip":"::1"}
[2025-12-04T04:56:38.619Z] INFO  Iniciando eliminación de código | {"id":13,"endpoint":"/admin/codigos/:id"}
[2025-12-04T04:56:38.619Z] INFO  Código encontrado | {"id":13,"codigo":"VZO187"}
[2025-12-04T04:56:38.620Z] INFO  Sesiones encontradas | {"id":13,"count":0}
[2025-12-04T04:56:38.620Z] INFO  Ejecutando transacción de eliminación | {"id":13,"codigo":"VZO187"}
[2025-12-04T04:56:38.637Z] INFO  Código eliminado exitosamente | {"endpoint":"/admin/codigos/:id","id":13,"codigo":"VZO187","changes":1}
[2025-12-04T04:56:38.674Z] INFO  REQUEST | {"method":"GET","url":"/admin/codigos","ip":"::1"}
[2025-12-04T04:56:39.629Z] INFO  REQUEST | {"method":"DELETE","url":"/admin/codigos/12","ip":"::1"}
[2025-12-04T04:56:39.629Z] INFO  Iniciando eliminación de código | {"id":12,"endpoint":"/admin/codigos/:id"}
[2025-12-04T04:56:39.629Z] INFO  Código encontrado | {"id":12,"codigo":"PTQ339"}
[2025-12-04T04:56:39.630Z] INFO  Sesiones encontradas | {"id":12,"count":0}
[2025-12-04T04:56:39.630Z] INFO  Ejecutando transacción de eliminación | {"id":12,"codigo":"PTQ339"}
[2025-12-04T04:56:39.653Z] INFO  Código eliminado exitosamente | {"endpoint":"/admin/codigos/:id","id":12,"codigo":"PTQ339","changes":1}
[2025-12-04T04:56:39.678Z] INFO  REQUEST | {"method":"GET","url":"/admin/codigos","ip":"::1"}
[2025-12-04T04:56:40.944Z] INFO  REQUEST | {"method":"DELETE","url":"/admin/codigos/11","ip":"::1"}
[2025-12-04T04:56:40.945Z] INFO  Iniciando eliminación de código | {"id":11,"endpoint":"/admin/codigos/:id"}
[2025-12-04T04:56:40.945Z] INFO  Código encontrado | {"id":11,"codigo":"GID322"}
[2025-12-04T04:56:40.946Z] INFO  Sesiones encontradas | {"id":11,"count":1}
[2025-12-04T04:56:40.946Z] INFO  Ejecutando transacción de eliminación | {"id":11,"codigo":"GID322"}
[2025-12-04T04:56:40.958Z] INFO  Código desactivado en transacción (tiene respuestas) | {"id":11,"changes":1}
[2025-12-04T04:56:40.970Z] INFO  Código desactivado (tiene sesiones con respuestas) | {"endpoint":"/admin/codigos/:id","id":11,"codigo":"GID322"}
[2025-12-04T04:56:40.988Z] INFO  REQUEST | {"method":"GET","url":"/admin/codigos","ip":"::1"}
[2025-12-04T04:56:42.274Z] INFO  REQUEST | {"method":"DELETE","url":"/admin/codigos/11","ip":"::1"}
[2025-12-04T04:56:42.274Z] INFO  Iniciando eliminación de código | {"id":11,"endpoint":"/admin/codigos/:id"}
[2025-12-04T04:56:42.275Z] INFO  Código encontrado | {"id":11,"codigo":"GID322"}
[2025-12-04T04:56:42.275Z] INFO  Sesiones encontradas | {"id":11,"count":1}
[2025-12-04T04:56:42.275Z] INFO  Ejecutando transacción de eliminación | {"id":11,"codigo":"GID322"}
[2025-12-04T04:56:42.276Z] INFO  Código desactivado en transacción (tiene respuestas) | {"id":11,"changes":1}
[2025-12-04T04:56:42.276Z] INFO  Código desactivado (tiene sesiones con respuestas) | {"endpoint":"/admin/codigos/:id","id":11,"codigo":"GID322"}
[2025-12-04T04:56:42.315Z] INFO  REQUEST | {"method":"GET","url":"/admin/codigos","ip":"::1"}
[2025-12-04T04:56:43.496Z] INFO  REQUEST | {"method":"DELETE","url":"/admin/codigos/11","ip":"::1"}
[2025-12-04T04:56:43.496Z] INFO  Iniciando eliminación de código | {"id":11,"endpoint":"/admin/codigos/:id"}
[2025-12-04T04:56:43.496Z] INFO  Código encontrado | {"id":11,"codigo":"GID322"}
[2025-12-04T04:56:43.497Z] INFO  Sesiones encontradas | {"id":11,"count":1}
[2025-12-04T04:56:43.497Z] INFO  Ejecutando transacción de eliminación | {"id":11,"codigo":"GID322"}
[2025-12-04T04:56:43.497Z] INFO  Código desactivado en transacción (tiene respuestas) | {"id":11,"changes":1}
[2025-12-04T04:56:43.497Z] INFO  Código desactivado (tiene sesiones con respuestas) | {"endpoint":"/admin/codigos/:id","id":11,"codigo":"GID322"}
[2025-12-04T04:56:43.545Z] INFO  REQUEST | {"method":"GET","url":"/admin/codigos","ip":"::1"}
[2025-12-04T04:56:44.290Z] INFO  REQUEST | {"method":"DELETE","url":"/admin/codigos/11","ip":"::1"}
[2025-12-04T04:56:44.290Z] INFO  Iniciando eliminación de código | {"id":11,"endpoint":"/admin/codigos/:id"}
[2025-12-04T04:56:44.291Z] INFO  Código encontrado | {"id":11,"codigo":"GID322"}
[2025-12-04T04:56:44.291Z] INFO  Sesiones encontradas | {"id":11,"count":1}
[2025-12-04T04:56:44.291Z] INFO  Ejecutando transacción de eliminación | {"id":11,"codigo":"GID322"}
[2025-12-04T04:56:44.291Z] INFO  Código desactivado en transacción (tiene respuestas) | {"id":11,"changes":1}
[2025-12-04T04:56:44.292Z] INFO  Código desactivado (tiene sesiones con respuestas) | {"endpoint":"/admin/codigos/:id","id":11,"codigo":"GID322"}
[2025-12-04T04:56:44.367Z] INFO  REQUEST | {"method":"GET","url":"/admin/codigos","ip":"::1"}
[2025-12-04T04:56:45.175Z] INFO  REQUEST | {"method":"DELETE","url":"/admin/codigos/11","ip":"::1"}
[2025-12-04T04:56:45.175Z] INFO  Iniciando eliminación de código | {"id":11,"endpoint":"/admin/codigos/:id"}
[2025-12-04T04:56:45.175Z] INFO  Código encontrado | {"id":11,"codigo":"GID322"}
[2025-12-04T04:56:45.176Z] INFO  Sesiones encontradas | {"id":11,"count":1}
[2025-12-04T04:56:45.176Z] INFO  Ejecutando transacción de eliminación | {"id":11,"codigo":"GID322"}
[2025-12-04T04:56:45.176Z] INFO  Código desactivado en transacción (tiene respuestas) | {"id":11,"changes":1}
[2025-12-04T04:56:45.176Z] INFO  Código desactivado (tiene sesiones con respuestas) | {"endpoint":"/admin/codigos/:id","id":11,"codigo":"GID322"}
[2025-12-04T04:56:45.221Z] INFO  REQUEST | {"method":"GET","url":"/admin/codigos","ip":"::1"}
[2025-12-04T04:56:46.222Z] INFO  REQUEST | {"method":"DELETE","url":"/admin/codigos/11","ip":"::1"}
[2025-12-04T04:56:46.223Z] INFO  Iniciando eliminación de código | {"id":11,"endpoint":"/admin/codigos/:id"}
[2025-12-04T04:56:46.223Z] INFO  Código encontrado | {"id":11,"codigo":"GID322"}
[2025-12-04T04:56:46.223Z] INFO  Sesiones encontradas | {"id":11,"count":1}
[2025-12-04T04:56:46.224Z] INFO  Ejecutando transacción de eliminación | {"id":11,"codigo":"GID322"}
[2025-12-04T04:56:46.224Z] INFO  Código desactivado en transacción (tiene respuestas) | {"id":11,"changes":1}
[2025-12-04T04:56:46.224Z] INFO  Código desactivado (tiene sesiones con respuestas) | {"endpoint":"/admin/codigos/:id","id":11,"codigo":"GID322"}
[2025-12-04T04:56:46.259Z] INFO  REQUEST | {"method":"GET","url":"/admin/codigos","ip":"::1"}
[2025-12-04T04:56:47.118Z] INFO  REQUEST | {"method":"DELETE","url":"/admin/codigos/11","ip":"::1"}
[2025-12-04T04:56:47.119Z] INFO  Iniciando eliminación de código | {"id":11,"endpoint":"/admin/codigos/:id"}
[2025-12-04T04:56:47.119Z] INFO  Código encontrado | {"id":11,"codigo":"GID322"}
[2025-12-04T04:56:47.120Z] INFO  Sesiones encontradas | {"id":11,"count":1}
[2025-12-04T04:56:47.120Z] INFO  Ejecutando transacción de eliminación | {"id":11,"codigo":"GID322"}
[2025-12-04T04:56:47.120Z] INFO  Código desactivado en transacción (tiene respuestas) | {"id":11,"changes":1}
[2025-12-04T04:56:47.120Z] INFO  Código desactivado (tiene sesiones con respuestas) | {"endpoint":"/admin/codigos/:id","id":11,"codigo":"GID322"}
[2025-12-04T04:56:47.161Z] INFO  REQUEST | {"method":"GET","url":"/admin/codigos","ip":"::1"}
[2025-12-04T04:56:48.190Z] INFO  REQUEST | {"method":"DELETE","url":"/admin/codigos/11","ip":"::1"}
[2025-12-04T04:56:48.191Z] INFO  Iniciando eliminación de código | {"id":11,"endpoint":"/admin/codigos/:id"}
[2025-12-04T04:56:48.191Z] INFO  Código encontrado | {"id":11,"codigo":"GID322"}
[2025-12-04T04:56:48.191Z] INFO  Sesiones encontradas | {"id":11,"count":1}
[2025-12-04T04:56:48.191Z] INFO  Ejecutando transacción de eliminación | {"id":11,"codigo":"GID322"}
[2025-12-04T04:56:48.192Z] INFO  Código desactivado en transacción (tiene respuestas) | {"id":11,"changes":1}
[2025-12-04T04:56:48.192Z] INFO  Código desactivado (tiene sesiones con respuestas) | {"endpoint":"/admin/codigos/:id","id":11,"codigo":"GID322"}
[2025-12-04T04:56:48.231Z] INFO  REQUEST | {"method":"GET","url":"/admin/codigos","ip":"::1"}
[2025-12-04T04:56:49.242Z] INFO  REQUEST | {"method":"DELETE","url":"/admin/codigos/10","ip":"::1"}
[2025-12-04T04:56:49.242Z] INFO  Iniciando eliminación de código | {"id":10,"endpoint":"/admin/codigos/:id"}
[2025-12-04T04:56:49.243Z] INFO  Código encontrado | {"id":10,"codigo":"QKI378"}
[2025-12-04T04:56:49.243Z] INFO  Sesiones encontradas | {"id":10,"count":1}
[2025-12-04T04:56:49.243Z] INFO  Ejecutando transacción de eliminación | {"id":10,"codigo":"QKI378"}
[2025-12-04T04:56:49.246Z] INFO  Código desactivado en transacción (tiene respuestas) | {"id":10,"changes":1}
[2025-12-04T04:56:49.258Z] INFO  Código desactivado (tiene sesiones con respuestas) | {"endpoint":"/admin/codigos/:id","id":10,"codigo":"QKI378"}
[2025-12-04T04:56:49.288Z] INFO  REQUEST | {"method":"GET","url":"/admin/codigos","ip":"::1"}
[2025-12-04T04:56:51.032Z] INFO  REQUEST | {"method":"DELETE","url":"/admin/codigos/9","ip":"::1"}
[2025-12-04T04:56:51.033Z] INFO  Iniciando eliminación de código | {"id":9,"endpoint":"/admin/codigos/:id"}
[2025-12-04T04:56:51.033Z] INFO  Código encontrado | {"id":9,"codigo":"RHM364"}
[2025-12-04T04:56:51.034Z] INFO  Sesiones encontradas | {"id":9,"count":0}
[2025-12-04T04:56:51.034Z] INFO  Ejecutando transacción de eliminación | {"id":9,"codigo":"RHM364"}
[2025-12-04T04:56:51.049Z] INFO  Código eliminado exitosamente | {"endpoint":"/admin/codigos/:id","id":9,"codigo":"RHM364","changes":1}
[2025-12-04T04:56:51.081Z] INFO  REQUEST | {"method":"GET","url":"/admin/codigos","ip":"::1"}
[2025-12-04T04:56:52.073Z] INFO  REQUEST | {"method":"DELETE","url":"/admin/codigos/8","ip":"::1"}
[2025-12-04T04:56:52.073Z] INFO  Iniciando eliminación de código | {"id":8,"endpoint":"/admin/codigos/:id"}
[2025-12-04T04:56:52.073Z] INFO  Código encontrado | {"id":8,"codigo":"MSK399"}
[2025-12-04T04:56:52.074Z] INFO  Sesiones encontradas | {"id":8,"count":0}
[2025-12-04T04:56:52.074Z] INFO  Ejecutando transacción de eliminación | {"id":8,"codigo":"MSK399"}
[2025-12-04T04:56:52.097Z] INFO  Código eliminado exitosamente | {"endpoint":"/admin/codigos/:id","id":8,"codigo":"MSK399","changes":1}
[2025-12-04T04:56:52.125Z] INFO  REQUEST | {"method":"GET","url":"/admin/codigos","ip":"::1"}
[2025-12-04T04:56:52.826Z] INFO  REQUEST | {"method":"DELETE","url":"/admin/codigos/7","ip":"::1"}
[2025-12-04T04:56:52.826Z] INFO  Iniciando eliminación de código | {"id":7,"endpoint":"/admin/codigos/:id"}
[2025-12-04T04:56:52.827Z] INFO  Código encontrado | {"id":7,"codigo":"RKD589"}
[2025-12-04T04:56:52.827Z] INFO  Sesiones encontradas | {"id":7,"count":0}
[2025-12-04T04:56:52.827Z] INFO  Ejecutando transacción de eliminación | {"id":7,"codigo":"RKD589"}
[2025-12-04T04:56:52.849Z] INFO  Código eliminado exitosamente | {"endpoint":"/admin/codigos/:id","id":7,"codigo":"RKD589","changes":1}
[2025-12-04T04:56:52.869Z] INFO  REQUEST | {"method":"GET","url":"/admin/codigos","ip":"::1"}
[2025-12-04T04:56:53.649Z] INFO  REQUEST | {"method":"DELETE","url":"/admin/codigos/6","ip":"::1"}
[2025-12-04T04:56:53.649Z] INFO  Iniciando eliminación de código | {"id":6,"endpoint":"/admin/codigos/:id"}
[2025-12-04T04:56:53.650Z] INFO  Código encontrado | {"id":6,"codigo":"PMN475"}
[2025-12-04T04:56:53.650Z] INFO  Sesiones encontradas | {"id":6,"count":0}
[2025-12-04T04:56:53.650Z] INFO  Ejecutando transacción de eliminación | {"id":6,"codigo":"PMN475"}
[2025-12-04T04:56:53.673Z] INFO  Código eliminado exitosamente | {"endpoint":"/admin/codigos/:id","id":6,"codigo":"PMN475","changes":1}
[2025-12-04T04:56:53.687Z] INFO  REQUEST | {"method":"GET","url":"/admin/codigos","ip":"::1"}
[2025-12-04T04:56:54.287Z] INFO  REQUEST | {"method":"DELETE","url":"/admin/codigos/5","ip":"::1"}
[2025-12-04T04:56:54.288Z] INFO  Iniciando eliminación de código | {"id":5,"endpoint":"/admin/codigos/:id"}
[2025-12-04T04:56:54.288Z] INFO  Código encontrado | {"id":5,"codigo":"SRC801"}
[2025-12-04T04:56:54.289Z] INFO  Sesiones encontradas | {"id":5,"count":0}
[2025-12-04T04:56:54.289Z] INFO  Ejecutando transacción de eliminación | {"id":5,"codigo":"SRC801"}
[2025-12-04T04:56:54.312Z] INFO  Código eliminado exitosamente | {"endpoint":"/admin/codigos/:id","id":5,"codigo":"SRC801","changes":1}
[2025-12-04T04:56:54.323Z] INFO  REQUEST | {"method":"GET","url":"/admin/codigos","ip":"::1"}
[2025-12-04T04:56:54.983Z] INFO  REQUEST | {"method":"DELETE","url":"/admin/codigos/4","ip":"::1"}
[2025-12-04T04:56:54.983Z] INFO  Iniciando eliminación de código | {"id":4,"endpoint":"/admin/codigos/:id"}
[2025-12-04T04:56:54.984Z] INFO  Código encontrado | {"id":4,"codigo":"JDI251"}
[2025-12-04T04:56:54.984Z] INFO  Sesiones encontradas | {"id":4,"count":0}
[2025-12-04T04:56:54.984Z] INFO  Ejecutando transacción de eliminación | {"id":4,"codigo":"JDI251"}
[2025-12-04T04:56:55.006Z] INFO  Código eliminado exitosamente | {"endpoint":"/admin/codigos/:id","id":4,"codigo":"JDI251","changes":1}
[2025-12-04T04:56:55.017Z] INFO  REQUEST | {"method":"GET","url":"/admin/codigos","ip":"::1"}
[2025-12-04T04:56:55.563Z] INFO  REQUEST | {"method":"DELETE","url":"/admin/codigos/3","ip":"::1"}
[2025-12-04T04:56:55.563Z] INFO  Iniciando eliminación de código | {"id":3,"endpoint":"/admin/codigos/:id"}
[2025-12-04T04:56:55.564Z] INFO  Código encontrado | {"id":3,"codigo":"BBB377"}
[2025-12-04T04:56:55.564Z] INFO  Sesiones encontradas | {"id":3,"count":1}
[2025-12-04T04:56:55.564Z] INFO  Ejecutando transacción de eliminación | {"id":3,"codigo":"BBB377"}
[2025-12-04T04:56:55.576Z] INFO  Código desactivado en transacción (tiene respuestas) | {"id":3,"changes":1}
[2025-12-04T04:56:55.588Z] INFO  Código desactivado (tiene sesiones con respuestas) | {"endpoint":"/admin/codigos/:id","id":3,"codigo":"BBB377"}
[2025-12-04T04:56:55.601Z] INFO  REQUEST | {"method":"GET","url":"/admin/codigos","ip":"::1"}
[2025-12-04T04:56:56.037Z] INFO  REQUEST | {"method":"DELETE","url":"/admin/codigos/3","ip":"::1"}
[2025-12-04T04:56:56.037Z] INFO  Iniciando eliminación de código | {"id":3,"endpoint":"/admin/codigos/:id"}
[2025-12-04T04:56:56.038Z] INFO  Código encontrado | {"id":3,"codigo":"BBB377"}
[2025-12-04T04:56:56.038Z] INFO  Sesiones encontradas | {"id":3,"count":1}
[2025-12-04T04:56:56.038Z] INFO  Ejecutando transacción de eliminación | {"id":3,"codigo":"BBB377"}
[2025-12-04T04:56:56.038Z] INFO  Código desactivado en transacción (tiene respuestas) | {"id":3,"changes":1}
[2025-12-04T04:56:56.039Z] INFO  Código desactivado (tiene sesiones con respuestas) | {"endpoint":"/admin/codigos/:id","id":3,"codigo":"BBB377"}
[2025-12-04T04:56:56.066Z] INFO  REQUEST | {"method":"GET","url":"/admin/codigos","ip":"::1"}
[2025-12-04T04:56:56.721Z] INFO  REQUEST | {"method":"DELETE","url":"/admin/codigos/3","ip":"::1"}
[2025-12-04T04:56:56.721Z] INFO  Iniciando eliminación de código | {"id":3,"endpoint":"/admin/codigos/:id"}
[2025-12-04T04:56:56.722Z] INFO  Código encontrado | {"id":3,"codigo":"BBB377"}
[2025-12-04T04:56:56.722Z] INFO  Sesiones encontradas | {"id":3,"count":1}
[2025-12-04T04:56:56.722Z] INFO  Ejecutando transacción de eliminación | {"id":3,"codigo":"BBB377"}
[2025-12-04T04:56:56.723Z] INFO  Código desactivado en transacción (tiene respuestas) | {"id":3,"changes":1}
[2025-12-04T04:56:56.723Z] INFO  Código desactivado (tiene sesiones con respuestas) | {"endpoint":"/admin/codigos/:id","id":3,"codigo":"BBB377"}
[2025-12-04T04:56:56.752Z] INFO  REQUEST | {"method":"GET","url":"/admin/codigos","ip":"::1"}
[2025-12-04T04:56:57.657Z] INFO  REQUEST | {"method":"DELETE","url":"/admin/codigos/3","ip":"::1"}
[2025-12-04T04:56:57.658Z] INFO  Iniciando eliminación de código | {"id":3,"endpoint":"/admin/codigos/:id"}
[2025-12-04T04:56:57.658Z] INFO  Código encontrado | {"id":3,"codigo":"BBB377"}
[2025-12-04T04:56:57.658Z] INFO  Sesiones encontradas | {"id":3,"count":1}
[2025-12-04T04:56:57.659Z] INFO  Ejecutando transacción de eliminación | {"id":3,"codigo":"BBB377"}
[2025-12-04T04:56:57.659Z] INFO  Código desactivado en transacción (tiene respuestas) | {"id":3,"changes":1}
[2025-12-04T04:56:57.659Z] INFO  Código desactivado (tiene sesiones con respuestas) | {"endpoint":"/admin/codigos/:id","id":3,"codigo":"BBB377"}
[2025-12-04T04:56:57.691Z] INFO  REQUEST | {"method":"GET","url":"/admin/codigos","ip":"::1"}
[2025-12-04T04:56:58.721Z] INFO  REQUEST | {"method":"DELETE","url":"/admin/codigos/2","ip":"::1"}
[2025-12-04T04:56:58.721Z] INFO  Iniciando eliminación de código | {"id":2,"endpoint":"/admin/codigos/:id"}
[2025-12-04T04:56:58.721Z] INFO  Código encontrado | {"id":2,"codigo":"EFX853"}
[2025-12-04T04:56:58.722Z] INFO  Sesiones encontradas | {"id":2,"count":1}
[2025-12-04T04:56:58.722Z] INFO  Ejecutando transacción de eliminación | {"id":2,"codigo":"EFX853"}
[2025-12-04T04:56:58.733Z] INFO  Código desactivado en transacción (tiene respuestas) | {"id":2,"changes":1}
[2025-12-04T04:56:58.745Z] INFO  Código desactivado (tiene sesiones con respuestas) | {"endpoint":"/admin/codigos/:id","id":2,"codigo":"EFX853"}
[2025-12-04T04:56:58.751Z] INFO  REQUEST | {"method":"GET","url":"/admin/codigos","ip":"::1"}
[2025-12-04T04:57:02.029Z] INFO  REQUEST | {"method":"DELETE","url":"/admin/codigos/1","ip":"::1"}
[2025-12-04T04:57:02.030Z] INFO  Iniciando eliminación de código | {"id":1,"endpoint":"/admin/codigos/:id"}
[2025-12-04T04:57:02.030Z] INFO  Código encontrado | {"id":1,"codigo":"ABC123"}
[2025-12-04T04:57:02.030Z] INFO  Sesiones encontradas | {"id":1,"count":9}
[2025-12-04T04:57:02.031Z] INFO  Ejecutando transacción de eliminación | {"id":1,"codigo":"ABC123"}
[2025-12-04T04:57:02.034Z] INFO  Código desactivado en transacción (tiene respuestas) | {"id":1,"changes":1}
[2025-12-04T04:57:02.045Z] INFO  Código desactivado (tiene sesiones con respuestas) | {"endpoint":"/admin/codigos/:id","id":1,"codigo":"ABC123"}
[2025-12-04T04:57:02.061Z] INFO  REQUEST | {"method":"GET","url":"/admin/codigos","ip":"::1"}
[2025-12-04T04:57:03.325Z] INFO  REQUEST | {"method":"DELETE","url":"/admin/codigos/2","ip":"::1"}
[2025-12-04T04:57:03.325Z] INFO  Iniciando eliminación de código | {"id":2,"endpoint":"/admin/codigos/:id"}
[2025-12-04T04:57:03.325Z] INFO  Código encontrado | {"id":2,"codigo":"EFX853"}
[2025-12-04T04:57:03.326Z] INFO  Sesiones encontradas | {"id":2,"count":1}
[2025-12-04T04:57:03.326Z] INFO  Ejecutando transacción de eliminación | {"id":2,"codigo":"EFX853"}
[2025-12-04T04:57:03.326Z] INFO  Código desactivado en transacción (tiene respuestas) | {"id":2,"changes":1}
[2025-12-04T04:57:03.327Z] INFO  Código desactivado (tiene sesiones con respuestas) | {"endpoint":"/admin/codigos/:id","id":2,"codigo":"EFX853"}
[2025-12-04T04:57:03.353Z] INFO  REQUEST | {"method":"GET","url":"/admin/codigos","ip":"::1"}
[2025-12-04T04:57:05.618Z] INFO  REQUEST | {"method":"PUT","url":"/admin/codigos/11","ip":"::1"}
[2025-12-04T04:57:05.641Z] INFO  Código actualizado | {"endpoint":"/admin/codigos/:id","id":11,"updates":3}
[2025-12-04T04:57:05.646Z] INFO  REQUEST | {"method":"GET","url":"/admin/codigos","ip":"::1"}
[2025-12-04T04:57:06.752Z] INFO  REQUEST | {"method":"DELETE","url":"/admin/codigos/11","ip":"::1"}
[2025-12-04T04:57:06.753Z] INFO  Iniciando eliminación de código | {"id":11,"endpoint":"/admin/codigos/:id"}
[2025-12-04T04:57:06.753Z] INFO  Código encontrado | {"id":11,"codigo":"GID322"}
[2025-12-04T04:57:06.753Z] INFO  Sesiones encontradas | {"id":11,"count":1}
[2025-12-04T04:57:06.754Z] INFO  Ejecutando transacción de eliminación | {"id":11,"codigo":"GID322"}
[2025-12-04T04:57:06.757Z] INFO  Código desactivado en transacción (tiene respuestas) | {"id":11,"changes":1}
[2025-12-04T04:57:06.768Z] INFO  Código desactivado (tiene sesiones con respuestas) | {"endpoint":"/admin/codigos/:id","id":11,"codigo":"GID322"}
[2025-12-04T04:57:06.784Z] INFO  REQUEST | {"method":"GET","url":"/admin/codigos","ip":"::1"}
[2025-12-04T04:57:10.810Z] INFO  REQUEST | {"method":"PUT","url":"/admin/codigos/11","ip":"::1"}
[2025-12-04T04:57:10.834Z] INFO  Código actualizado | {"endpoint":"/admin/codigos/:id","id":11,"updates":3}
[2025-12-04T04:57:10.839Z] INFO  REQUEST | {"method":"GET","url":"/admin/codigos","ip":"::1"}
[2025-12-04T04:57:11.906Z] INFO  REQUEST | {"method":"DELETE","url":"/admin/codigos/11","ip":"::1"}
[2025-12-04T04:57:11.906Z] INFO  Iniciando eliminación de código | {"id":11,"endpoint":"/admin/codigos/:id"}
[2025-12-04T04:57:11.906Z] INFO  Código encontrado | {"id":11,"codigo":"GID322"}
[2025-12-04T04:57:11.907Z] INFO  Sesiones encontradas | {"id":11,"count":1}
[2025-12-04T04:57:11.907Z] INFO  Ejecutando transacción de eliminación | {"id":11,"codigo":"GID322"}
[2025-12-04T04:57:11.910Z] INFO  Código desactivado en transacción (tiene respuestas) | {"id":11,"changes":1}
[2025-12-04T04:57:11.921Z] INFO  Código desactivado (tiene sesiones con respuestas) | {"endpoint":"/admin/codigos/:id","id":11,"codigo":"GID322"}
[2025-12-04T04:57:11.934Z] INFO  REQUEST | {"method":"GET","url":"/admin/codigos","ip":"::1"}
[2025-12-04T04:57:27.997Z] INFO  REQUEST | {"method":"GET","url":"/admin/evaluaciones","ip":"::1"}
[2025-12-04T04:57:32.088Z] INFO  REQUEST | {"method":"GET","url":"/admin/evaluaciones-por-evaluado","ip":"::1"}
[2025-12-04T04:57:48.809Z] INFO  REQUEST | {"method":"GET","url":"/admin/codigos","ip":"::1"}
[2025-12-04T04:57:57.603Z] INFO  REQUEST | {"method":"POST","url":"/captura/sesion","ip":"::1"}
[2025-12-04T04:57:57.603Z] WARN  Código no encontrado o inactivo | {"code":404,"endpoint":"/captura/sesion","codigo":"GID322"}
[2025-12-04T04:57:58.555Z] INFO  REQUEST | {"method":"POST","url":"/captura/sesion","ip":"::1"}
[2025-12-04T04:57:58.556Z] WARN  Código no encontrado o inactivo | {"code":404,"endpoint":"/captura/sesion","codigo":"GID322"}
[2025-12-04T04:57:59.622Z] INFO  REQUEST | {"method":"POST","url":"/captura/sesion","ip":"::1"}
[2025-12-04T04:57:59.623Z] WARN  Código no encontrado o inactivo | {"code":404,"endpoint":"/captura/sesion","codigo":"GID322"}
[2025-12-04T04:57:59.773Z] INFO  REQUEST | {"method":"POST","url":"/captura/sesion","ip":"::1"}
[2025-12-04T04:57:59.774Z] WARN  Código no encontrado o inactivo | {"code":404,"endpoint":"/captura/sesion","codigo":"GID322"}
[2025-12-04T04:57:59.900Z] INFO  REQUEST | {"method":"POST","url":"/captura/sesion","ip":"::1"}
[2025-12-04T04:57:59.901Z] WARN  Código no encontrado o inactivo | {"code":404,"endpoint":"/captura/sesion","codigo":"GID322"}
[2025-12-04T04:58:03.163Z] INFO  REQUEST | {"method":"GET","url":"/admin/codigos","ip":"::1"}
[2025-12-04T04:58:05.294Z] INFO  REQUEST | {"method":"PUT","url":"/admin/codigos/11","ip":"::1"}
[2025-12-04T04:58:05.309Z] INFO  Código actualizado | {"endpoint":"/admin/codigos/:id","id":11,"updates":3}
[2025-12-04T04:58:05.313Z] INFO  REQUEST | {"method":"GET","url":"/admin/codigos","ip":"::1"}
[2025-12-04T04:58:06.775Z] INFO  REQUEST | {"method":"GET","url":"/admin/evaluaciones-por-evaluado","ip":"::1"}
[2025-12-04T04:58:11.549Z] INFO  REQUEST | {"method":"POST","url":"/captura/sesion","ip":"::1"}
[2025-12-04T04:58:11.566Z] INFO  Sesión creada | {"endpoint":"/captura/sesion","sesion_id":14,"codigo":"GID322"}
[2025-12-04T04:58:19.380Z] INFO  REQUEST | {"method":"POST","url":"/captura/sesion","ip":"::1"}
[2025-12-04T04:58:19.396Z] INFO  Sesión creada | {"endpoint":"/captura/sesion","sesion_id":15,"codigo":"GID322"}
[2025-12-04T04:58:20.499Z] INFO  REQUEST | {"method":"POST","url":"/captura/respuestas","ip":"::1"}
[2025-12-04T04:58:20.523Z] INFO  Respuestas guardadas | {"endpoint":"/captura/respuestas","sesion_id":15,"inserted":1,"updated":0}
[2025-12-04T04:58:20.527Z] INFO  REQUEST | {"method":"POST","url":"/captura/finalizar","ip":"::1"}
[2025-12-04T04:58:20.540Z] INFO  Sesión finalizada | {"endpoint":"/captura/finalizar","sesion_id":15}
[2025-12-04T05:00:02.350Z] INFO  REQUEST | {"method":"POST","url":"/captura/sesion","ip":"::1"}
[2025-12-04T05:00:02.367Z] INFO  Sesión creada | {"endpoint":"/captura/sesion","sesion_id":16,"codigo":"GID322"}
[2025-12-04T05:00:06.447Z] INFO  REQUEST | {"method":"POST","url":"/captura/respuestas","ip":"::1"}
[2025-12-04T05:00:06.473Z] INFO  Respuestas guardadas | {"endpoint":"/captura/respuestas","sesion_id":16,"inserted":3,"updated":0}
[2025-12-04T05:00:06.479Z] INFO  REQUEST | {"method":"POST","url":"/captura/finalizar","ip":"::1"}
[2025-12-04T05:00:06.494Z] INFO  Sesión finalizada | {"endpoint":"/captura/finalizar","sesion_id":16}
[2025-12-04T05:00:10.620Z] INFO  REQUEST | {"method":"GET","url":"/admin/evaluaciones","ip":"::1"}
[2025-12-04T05:00:15.501Z] INFO  REQUEST | {"method":"GET","url":"/admin/codigos","ip":"::1"}
[2025-12-04T05:00:23.813Z] INFO  REQUEST | {"method":"PUT","url":"/admin/codigos/1","ip":"::1"}
[2025-12-04T05:00:23.837Z] INFO  Código actualizado | {"endpoint":"/admin/codigos/:id","id":1,"updates":3}
[2025-12-04T05:00:23.841Z] INFO  REQUEST | {"method":"GET","url":"/admin/codigos","ip":"::1"}
[2025-12-04T05:00:25.916Z] INFO  REQUEST | {"method":"GET","url":"/admin/evaluaciones","ip":"::1"}
[2025-12-04T05:00:28.340Z] INFO  REQUEST | {"method":"GET","url":"/admin/evaluaciones-por-evaluado","ip":"::1"}
[2025-12-04T05:00:35.265Z] INFO  REQUEST | {"method":"GET","url":"/admin/codigos","ip":"::1"}
[2025-12-04T05:03:33.880Z] INFO  REQUEST | {"method":"GET","url":"/admin/codigos","ip":"::1"}
[2025-12-04T05:03:36.843Z] INFO  REQUEST | {"method":"DELETE","url":"/admin/codigos/10","ip":"::1"}
[2025-12-04T05:03:36.843Z] INFO  Iniciando eliminación de código | {"id":10,"endpoint":"/admin/codigos/:id"}
[2025-12-04T05:03:36.844Z] INFO  Código encontrado | {"id":10,"codigo":"QKI378"}
[2025-12-04T05:03:36.844Z] INFO  Sesiones encontradas | {"id":10,"count":1}
[2025-12-04T05:03:36.844Z] INFO  Ejecutando transacción de eliminación | {"id":10,"codigo":"QKI378"}
[2025-12-04T05:03:36.844Z] INFO  Código desactivado en transacción (tiene respuestas) | {"id":10,"changes":1}
[2025-12-04T05:03:36.844Z] INFO  Código desactivado (tiene sesiones con respuestas) | {"endpoint":"/admin/codigos/:id","id":10,"codigo":"QKI378"}
[2025-12-04T05:03:36.856Z] INFO  REQUEST | {"method":"GET","url":"/admin/codigos","ip":"::1"}
[2025-12-04T05:03:39.732Z] INFO  REQUEST | {"method":"DELETE","url":"/admin/codigos/10","ip":"::1"}
[2025-12-04T05:03:39.733Z] INFO  Iniciando eliminación de código | {"id":10,"endpoint":"/admin/codigos/:id"}
[2025-12-04T05:03:39.733Z] INFO  Código encontrado | {"id":10,"codigo":"QKI378"}
[2025-12-04T05:03:39.733Z] INFO  Sesiones encontradas | {"id":10,"count":1}
[2025-12-04T05:03:39.733Z] INFO  Ejecutando transacción de eliminación | {"id":10,"codigo":"QKI378"}
[2025-12-04T05:03:39.734Z] INFO  Código desactivado en transacción (tiene respuestas) | {"id":10,"changes":1}
[2025-12-04T05:03:39.734Z] INFO  Código desactivado (tiene sesiones con respuestas) | {"endpoint":"/admin/codigos/:id","id":10,"codigo":"QKI378"}
[2025-12-04T05:03:39.747Z] INFO  REQUEST | {"method":"GET","url":"/admin/codigos","ip":"::1"}
[2025-12-04T05:09:32.522Z] INFO  REQUEST | {"method":"GET","url":"/admin/codigos","ip":"::1"}
[2025-12-04T05:09:34.356Z] INFO  REQUEST | {"method":"DELETE","url":"/admin/codigos/11","ip":"::1"}
[2025-12-04T05:09:34.356Z] INFO  Iniciando eliminación de código | {"id":11,"endpoint":"/admin/codigos/:id"}
[2025-12-04T05:09:34.356Z] INFO  Código encontrado | {"id":11,"codigo":"GID322"}
[2025-12-04T05:09:34.356Z] INFO  Sesiones encontradas | {"id":11,"count":4}
[2025-12-04T05:09:34.357Z] INFO  Ejecutando transacción de eliminación | {"id":11,"codigo":"GID322"}
[2025-12-04T05:09:34.359Z] INFO  Código desactivado en transacción (tiene respuestas) | {"id":11,"changes":1}
[2025-12-04T05:09:34.371Z] INFO  Código desactivado (tiene sesiones con respuestas) | {"endpoint":"/admin/codigos/:id","id":11,"codigo":"GID322"}
[2025-12-04T05:09:34.375Z] INFO  REQUEST | {"method":"GET","url":"/admin/codigos","ip":"::1"}
[2025-12-04T05:09:38.908Z] INFO  REQUEST | {"method":"GET","url":"/admin/evaluaciones-por-evaluado","ip":"::1"}
[2025-12-05T20:53:32.872Z] INFO  API escuchando en http://localhost:3001 | {"port":3001}
[2025-12-05T20:59:56.839Z] INFO  REQUEST | {"method":"GET","url":"/admin/evaluaciones","ip":"::1"}
[2025-12-05T20:59:58.476Z] INFO  REQUEST | {"method":"GET","url":"/admin/codigos","ip":"::1"}
[2025-12-05T21:00:00.082Z] INFO  REQUEST | {"method":"DELETE","url":"/admin/codigos/11","ip":"::1"}
[2025-12-05T21:00:00.083Z] INFO  Iniciando eliminación de código | {"id":11,"endpoint":"/admin/codigos/:id"}
[2025-12-05T21:00:00.095Z] INFO  Código encontrado | {"id":11,"codigo":"GID322"}
[2025-12-05T21:00:00.096Z] INFO  Sesiones encontradas | {"id":11,"count":4}
[2025-12-05T21:00:00.096Z] INFO  Ejecutando transacción de eliminación | {"id":11,"codigo":"GID322"}
[2025-12-05T21:00:00.099Z] INFO  Código desactivado en transacción (tiene respuestas) | {"id":11,"changes":1}
[2025-12-05T21:00:00.100Z] INFO  Código desactivado (tiene sesiones con respuestas) | {"endpoint":"/admin/codigos/:id","id":11,"codigo":"GID322"}
[2025-12-05T21:00:00.135Z] INFO  REQUEST | {"method":"GET","url":"/admin/codigos","ip":"::1"}
[2025-12-05T21:15:38.548Z] INFO  API escuchando en http://localhost:3001 | {"port":3001}
[2025-12-05T21:15:53.240Z] INFO  REQUEST | {"method":"GET","url":"/admin/codigos","ip":"::1"}
[2025-12-05T21:18:02.476Z] INFO  REQUEST | {"method":"GET","url":"/admin/codigos","ip":"::1"}
[2025-12-05T21:18:28.195Z] INFO  REQUEST | {"method":"GET","url":"/admin/codigos","ip":"::ffff:192.168.100.71"}
[2025-12-05T21:19:56.240Z] INFO  REQUEST | {"method":"GET","url":"/admin/evaluaciones-por-evaluado","ip":"::ffff:192.168.100.71"}
[2025-12-05T21:20:57.286Z] INFO  REQUEST | {"method":"GET","url":"/admin/codigos","ip":"::ffff:192.168.100.71"}
[2025-12-05T21:21:00.521Z] INFO  REQUEST | {"method":"GET","url":"/admin/codigos","ip":"::ffff:192.168.100.71"}
[2025-12-05T21:21:11.318Z] INFO  REQUEST | {"method":"GET","url":"/admin/codigos","ip":"::ffff:192.168.100.71"}
[2025-12-05T21:21:15.195Z] INFO  REQUEST | {"method":"GET","url":"/admin/codigos","ip":"::ffff:192.168.100.71"}
[2025-12-05T21:21:17.802Z] INFO  REQUEST | {"method":"GET","url":"/admin/evaluaciones","ip":"::ffff:192.168.100.71"}
[2025-12-05T21:21:20.014Z] INFO  REQUEST | {"method":"GET","url":"/admin/evaluaciones-por-evaluado","ip":"::ffff:192.168.100.71"}
[2025-12-05T21:22:00.855Z] INFO  REQUEST | {"method":"GET","url":"/admin/codigos","ip":"::ffff:192.168.100.71"}
[2025-12-05T21:23:35.960Z] INFO  REQUEST | {"method":"GET","url":"/admin/codigos","ip":"::ffff:192.168.100.71"}
[2025-12-05T21:29:33.612Z] INFO  REQUEST | {"method":"GET","url":"/admin/codigos","ip":"::ffff:192.168.100.71"}
[2025-12-05T21:29:46.365Z] INFO  REQUEST | {"method":"GET","url":"/admin/codigos","ip":"::ffff:192.168.100.71"}
[2025-12-05T21:29:53.856Z] INFO  REQUEST | {"method":"GET","url":"/admin/codigos","ip":"::ffff:192.168.100.71"}
[2025-12-05T21:29:58.513Z] INFO  REQUEST | {"method":"GET","url":"/admin/codigos","ip":"::ffff:192.168.100.71"}
[2025-12-05T21:30:04.182Z] INFO  REQUEST | {"method":"GET","url":"/admin/evaluaciones-por-evaluado","ip":"::ffff:192.168.100.71"}
[2025-12-05T21:30:29.008Z] INFO  REQUEST | {"method":"GET","url":"/admin/codigos","ip":"::ffff:192.168.100.71"}
[2025-12-05T21:32:25.913Z] INFO  REQUEST | {"method":"GET","url":"/admin/codigos","ip":"::ffff:192.168.100.71"}
[2025-12-05T21:32:27.978Z] INFO  REQUEST | {"method":"GET","url":"/admin/codigos","ip":"::ffff:192.168.100.71"}
[2025-12-05T21:32:31.981Z] INFO  REQUEST | {"method":"PUT","url":"/admin/codigos/11","ip":"::ffff:192.168.100.71"}
[2025-12-05T21:32:32.004Z] INFO  Código actualizado | {"endpoint":"/admin/codigos/:id","id":11,"updates":3}
[2025-12-05T21:32:32.012Z] INFO  REQUEST | {"method":"GET","url":"/admin/codigos","ip":"::ffff:192.168.100.71"}
[2025-12-05T21:35:18.571Z] INFO  REQUEST | {"method":"GET","url":"/admin/codigos","ip":"::ffff:192.168.100.71"}
[2025-12-05T21:35:29.938Z] INFO  REQUEST | {"method":"GET","url":"/admin/codigos","ip":"::1"}
[2025-12-05T21:37:11.573Z] INFO  REQUEST | {"method":"PUT","url":"/admin/codigos/10","ip":"::1"}
[2025-12-05T21:37:11.609Z] INFO  Código actualizado | {"endpoint":"/admin/codigos/:id","id":10,"updates":3}
[2025-12-05T21:37:11.620Z] INFO  REQUEST | {"method":"GET","url":"/admin/codigos","ip":"::1"}
[2025-12-05T21:37:45.217Z] INFO  REQUEST | {"method":"GET","url":"/admin/codigos","ip":"::1"}
[2025-12-05T21:43:47.469Z] INFO  REQUEST | {"method":"GET","url":"/admin/codigos","ip":"::1"}
[2025-12-05T21:44:41.200Z] INFO  REQUEST | {"method":"GET","url":"/admin/codigos","ip":"::1"}
[2025-12-05T21:44:54.202Z] INFO  REQUEST | {"method":"GET","url":"/admin/codigos","ip":"::1"}
[2025-12-05T21:54:33.594Z] INFO  API escuchando en http://0.0.0.0:3001 | {"port":3001}
[2025-12-05T21:54:33.599Z] INFO  API accesible desde: http://localhost:3001 | {"port":3001}
[2025-12-05T21:54:33.599Z] INFO  Para dispositivos móviles, usa la IP de tu máquina en la red local | {"port":3001}
[2025-12-05T21:55:47.753Z] INFO  REQUEST | {"method":"GET","url":"/admin/codigos","ip":"127.0.0.1"}
[2025-12-05T21:58:39.228Z] INFO  REQUEST | {"method":"GET","url":"/admin/codigos","ip":"127.0.0.1"}
[2025-12-05T22:01:01.140Z] INFO  REQUEST | {"method":"GET","url":"/admin/codigos","ip":"127.0.0.1"}
[2025-12-05T22:02:16.430Z] INFO  REQUEST | {"method":"GET","url":"/admin/codigos","ip":"127.0.0.1"}
[2025-12-05T22:03:51.981Z] INFO  REQUEST | {"method":"GET","url":"/admin/codigos","ip":"127.0.0.1"}
[2025-12-05T22:05:51.187Z] INFO  REQUEST | {"method":"GET","url":"/admin/codigos","ip":"192.168.100.71"}
[2025-12-05T22:07:15.605Z] INFO  REQUEST | {"method":"GET","url":"/admin/codigos","ip":"192.168.100.71"}
[2025-12-05T22:07:24.748Z] INFO  REQUEST | {"method":"GET","url":"/admin/codigos","ip":"192.168.100.71"}
[2025-12-05T22:07:27.854Z] INFO  REQUEST | {"method":"GET","url":"/admin/evaluaciones","ip":"192.168.100.71"}
[2025-12-05T22:07:31.555Z] INFO  REQUEST | {"method":"GET","url":"/admin/codigos","ip":"192.168.100.71"}
[2025-12-05T22:11:16.113Z] INFO  API escuchando en http://0.0.0.0:3001 | {"port":3001}
[2025-12-05T22:11:16.117Z] INFO  API accesible desde: http://localhost:3001 | {"port":3001}
[2025-12-05T22:11:16.117Z] INFO  Para dispositivos móviles, usa la IP de tu máquina en la red local | {"port":3001}
[2025-12-05T22:21:18.580Z] INFO  REQUEST | {"method":"GET","url":"/admin/codigos","ip":"127.0.0.1"}
[2025-12-05T22:27:22.840Z] INFO  REQUEST | {"method":"GET","url":"/admin/codigos","ip":"127.0.0.1"}
[2025-12-05T22:27:28.997Z] INFO  REQUEST | {"method":"GET","url":"/admin/evaluaciones","ip":"127.0.0.1"}
[2025-12-05T22:28:07.559Z] INFO  REQUEST | {"method":"GET","url":"/admin/codigos","ip":"127.0.0.1"}
[2025-12-05T22:28:59.538Z] INFO  REQUEST | {"method":"GET","url":"/admin/codigos","ip":"127.0.0.1"}
[2025-12-05T22:31:03.526Z] INFO  REQUEST | {"method":"GET","url":"/admin/codigos","ip":"127.0.0.1"}
[2025-12-05T22:31:12.209Z] INFO  REQUEST | {"method":"GET","url":"/admin/codigos","ip":"127.0.0.1"}
[2025-12-05T22:38:11.885Z] INFO  REQUEST | {"method":"GET","url":"/admin/codigos","ip":"127.0.0.1"}
[2025-12-05T22:40:43.656Z] INFO  REQUEST | {"method":"GET","url":"/admin/codigos","ip":"127.0.0.1"}
[2025-12-06T00:13:28.432Z] INFO  API escuchando en http://0.0.0.0:3001 | {"port":3001}
[2025-12-06T00:13:28.437Z] INFO  API accesible desde: http://localhost:3001 | {"port":3001}
[2025-12-06T00:13:28.437Z] INFO  Para dispositivos móviles, usa la IP de tu máquina en la red local | {"port":3001}
[2025-12-06T00:14:23.332Z] INFO  REQUEST | {"method":"GET","url":"/admin/codigos","ip":"127.0.0.1"}
[2025-12-06T00:14:49.135Z] INFO  REQUEST | {"method":"POST","url":"/admin/codigos","ip":"127.0.0.1"}
[2025-12-06T00:14:49.157Z] INFO  Código creado | {"endpoint":"/admin/codigos","id":16,"codigo":"NXI756"}
[2025-12-06T00:14:55.847Z] INFO  REQUEST | {"method":"POST","url":"/captura/sesion","ip":"127.0.0.1"}
[2025-12-06T00:14:55.866Z] INFO  Sesión creada | {"endpoint":"/captura/sesion","sesion_id":17,"codigo":"NXI756"}
[2025-12-06T00:15:11.303Z] INFO  REQUEST | {"method":"POST","url":"/captura/respuestas","ip":"127.0.0.1"}
[2025-12-06T00:15:11.320Z] INFO  Respuestas guardadas | {"endpoint":"/captura/respuestas","sesion_id":17,"inserted":3,"updated":0}
[2025-12-06T00:15:11.326Z] INFO  REQUEST | {"method":"POST","url":"/captura/finalizar","ip":"127.0.0.1"}
[2025-12-06T00:15:11.341Z] INFO  Sesión finalizada | {"endpoint":"/captura/finalizar","sesion_id":17}
[2025-12-06T00:15:22.385Z] INFO  REQUEST | {"method":"GET","url":"/admin/evaluaciones","ip":"127.0.0.1"}
[2025-12-06T00:15:33.498Z] INFO  REQUEST | {"method":"GET","url":"/admin/evaluaciones-por-evaluado","ip":"127.0.0.1"}
[2025-12-07T09:31:35.995Z] INFO  API escuchando en http://0.0.0.0:3001 | {"port":3001}
[2025-12-07T09:31:36.000Z] INFO  API accesible desde: http://localhost:3001 | {"port":3001}
[2025-12-07T09:31:36.000Z] INFO  Para dispositivos móviles, usa la IP de tu máquina en la red local | {"port":3001}
[2025-12-07T09:44:58.907Z] INFO  API escuchando en http://0.0.0.0:3001 | {"port":3001}
[2025-12-07T09:46:47.481Z] INFO  REQUEST | {"method":"GET","url":"/admin/codigos","ip":"127.0.0.1"}
[2025-12-07T09:53:51.774Z] INFO  API escuchando en http://0.0.0.0:3001 | {"port":3001}
[2025-12-07T09:57:38.196Z] INFO  REQUEST | {"method":"POST","url":"/admin/codigos","ip":"127.0.0.1"}
[2025-12-07T09:57:38.220Z] INFO  Código creado | {"endpoint":"/admin/codigos","id":17,"codigo":"KQX917"}
[2025-12-07T10:01:27.148Z] INFO  API escuchando en http://0.0.0.0:3001 | {"port":3001}
[2025-12-07T10:02:16.178Z] INFO  REQUEST | {"method":"GET","url":"/admin/codigos","ip":"127.0.0.1"}
[2025-12-07T10:02:19.171Z] INFO  REQUEST | {"method":"GET","url":"/admin/evaluaciones-por-evaluado","ip":"127.0.0.1"}
[2025-12-07T10:02:20.467Z] INFO  REQUEST | {"method":"GET","url":"/admin/evaluaciones","ip":"127.0.0.1"}
[2025-12-07T10:02:22.002Z] INFO  REQUEST | {"method":"GET","url":"/admin/codigos","ip":"127.0.0.1"}
[2025-12-07T10:02:24.740Z] INFO  REQUEST | {"method":"GET","url":"/admin/codigos","ip":"127.0.0.1"}
[2025-12-07T10:07:23.607Z] INFO  REQUEST | {"method":"GET","url":"/admin/codigos","ip":"127.0.0.1"}
[2025-12-07T10:09:37.524Z] INFO  API escuchando en http://0.0.0.0:3001 | {"port":3001}
[2025-12-07T10:16:07.895Z] INFO  REQUEST | {"method":"GET","url":"/admin/codigos","ip":"127.0.0.1"}
[2025-12-07T10:26:14.521Z] INFO  REQUEST | {"method":"GET","url":"/admin/codigos","ip":"192.168.100.90"}
[2025-12-07T10:26:51.125Z] INFO  REQUEST | {"method":"GET","url":"/admin/evaluaciones","ip":"192.168.100.90"}
[2025-12-07T10:26:51.946Z] INFO  REQUEST | {"method":"GET","url":"/admin/codigos","ip":"192.168.100.90"}
[2025-12-07T10:26:52.788Z] INFO  REQUEST | {"method":"GET","url":"/admin/evaluaciones-por-evaluado","ip":"192.168.100.90"}
[2025-12-07T10:29:19.877Z] INFO  REQUEST | {"method":"GET","url":"/admin/codigos","ip":"192.168.100.90"}
[2025-12-07T10:36:47.375Z] INFO  API escuchando en http://0.0.0.0:3001 | {"port":3001}
[2025-12-07T10:38:38.151Z] INFO  REQUEST | {"method":"GET","url":"/admin/codigos","ip":"192.168.100.90"}
[2025-12-07T10:38:42.029Z] INFO  REQUEST | {"method":"GET","url":"/admin/evaluaciones","ip":"192.168.100.90"}
[2025-12-07T10:38:43.598Z] INFO  REQUEST | {"method":"GET","url":"/admin/evaluaciones-por-evaluado","ip":"192.168.100.90"}
[2025-12-07T10:39:52.578Z] INFO  API escuchando en http://0.0.0.0:3001 | {"port":3001}
[2025-12-07T11:02:38.682Z] INFO  API escuchando en http://0.0.0.0:3001 | {"port":3001}
[2025-12-07T11:03:16.881Z] INFO  REQUEST | {"method":"POST","url":"/auth/login","ip":"127.0.0.1"}
[2025-12-07T11:03:16.891Z] INFO  Login exitoso | {"endpoint":"/auth/login","username":"admin"}
[2025-12-07T11:03:19.414Z] INFO  REQUEST | {"method":"GET","url":"/admin/codigos","ip":"127.0.0.1","hasAuth":true}
[2025-12-07T11:03:46.679Z] INFO  API escuchando en http://0.0.0.0:3001 | {"port":3001}
[2025-12-07T11:03:48.523Z] INFO  REQUEST | {"method":"POST","url":"/auth/login","ip":"127.0.0.1"}
[2025-12-07T11:03:48.532Z] INFO  Login exitoso | {"endpoint":"/auth/login","username":"admin"}
[2025-12-07T11:07:09.313Z] INFO  REQUEST | {"method":"POST","url":"/auth/login","ip":"127.0.0.1"}
[2025-12-07T11:07:09.314Z] INFO  Login exitoso | {"endpoint":"/auth/login","username":"admin"}
[2025-12-07T11:07:10.879Z] INFO  REQUEST | {"method":"GET","url":"/admin/codigos","ip":"127.0.0.1"}
[2025-12-07T11:07:10.880Z] WARN  Token de autenticación requerido | {"code":401,"endpoint":"/admin/codigos"}
[2025-12-07T11:07:16.455Z] INFO  REQUEST | {"method":"GET","url":"/admin/evaluaciones","ip":"127.0.0.1"}
[2025-12-07T11:07:16.456Z] WARN  Token de autenticación requerido | {"code":401,"endpoint":"/admin/evaluaciones"}
[2025-12-07T11:07:17.841Z] INFO  REQUEST | {"method":"GET","url":"/admin/evaluaciones-por-evaluado","ip":"127.0.0.1"}
[2025-12-07T11:07:17.842Z] WARN  Token de autenticación requerido | {"code":401,"endpoint":"/admin/evaluaciones-por-evaluado"}
[2025-12-07T11:07:23.676Z] INFO  REQUEST | {"method":"POST","url":"/auth/login","ip":"127.0.0.1"}
[2025-12-07T11:07:23.677Z] INFO  Login exitoso | {"endpoint":"/auth/login","username":"admin"}
[2025-12-07T11:07:24.910Z] INFO  REQUEST | {"method":"GET","url":"/admin/codigos","ip":"127.0.0.1"}
[2025-12-07T11:07:24.911Z] WARN  Token de autenticación requerido | {"code":401,"endpoint":"/admin/codigos"}
[2025-12-07T11:07:26.823Z] INFO  REQUEST | {"method":"GET","url":"/admin/evaluaciones","ip":"127.0.0.1"}
[2025-12-07T11:07:26.823Z] WARN  Token de autenticación requerido | {"code":401,"endpoint":"/admin/evaluaciones"}
[2025-12-07T11:07:27.898Z] INFO  REQUEST | {"method":"GET","url":"/admin/evaluaciones-por-evaluado","ip":"127.0.0.1"}
[2025-12-07T11:07:27.898Z] WARN  Token de autenticación requerido | {"code":401,"endpoint":"/admin/evaluaciones-por-evaluado"}
[2025-12-07T11:07:29.802Z] INFO  REQUEST | {"method":"GET","url":"/admin/codigos","ip":"127.0.0.1"}
[2025-12-07T11:07:29.802Z] WARN  Token de autenticación requerido | {"code":401,"endpoint":"/admin/codigos"}
[2025-12-07T11:09:00.495Z] INFO  REQUEST | {"method":"GET","url":"/admin/codigos","ip":"127.0.0.1"}
[2025-12-07T11:09:00.496Z] WARN  Token de autenticación requerido | {"code":401,"endpoint":"/admin/codigos"}
[2025-12-07T11:09:37.185Z] INFO  REQUEST | {"method":"GET","url":"/admin/codigos","ip":"127.0.0.1"}
[2025-12-07T11:09:37.186Z] WARN  Token de autenticación requerido | {"code":401,"endpoint":"/admin/codigos"}
[2025-12-07T11:10:19.770Z] INFO  REQUEST | {"method":"POST","url":"/auth/login","ip":"127.0.0.1"}
[2025-12-07T11:10:19.771Z] INFO  Login exitoso | {"endpoint":"/auth/login","username":"admin"}
[2025-12-07T11:10:21.221Z] INFO  REQUEST | {"method":"GET","url":"/admin/codigos","ip":"127.0.0.1","hasAuth":true}
[2025-12-07T11:10:24.297Z] INFO  REQUEST | {"method":"GET","url":"/admin/evaluaciones","ip":"127.0.0.1","hasAuth":true}
[2025-12-07T11:10:25.769Z] INFO  REQUEST | {"method":"GET","url":"/admin/evaluaciones-por-evaluado","ip":"127.0.0.1","hasAuth":true}
[2025-12-07T11:11:25.462Z] INFO  REQUEST | {"method":"POST","url":"/captura/sesion","ip":"127.0.0.1"}
[2025-12-07T11:11:25.473Z] WARN  Código no encontrado o inactivo | {"code":404,"endpoint":"/captura/sesion","codigo":"ABC123"}
[2025-12-07T11:11:26.081Z] INFO  REQUEST | {"method":"POST","url":"/captura/sesion","ip":"127.0.0.1"}
[2025-12-07T11:11:26.082Z] WARN  Código no encontrado o inactivo | {"code":404,"endpoint":"/captura/sesion","codigo":"ABC123"}
[2025-12-07T11:11:26.554Z] INFO  REQUEST | {"method":"POST","url":"/captura/sesion","ip":"127.0.0.1"}
[2025-12-07T11:11:26.555Z] WARN  Código no encontrado o inactivo | {"code":404,"endpoint":"/captura/sesion","codigo":"ABC123"}
[2025-12-07T11:11:27.071Z] INFO  REQUEST | {"method":"POST","url":"/captura/sesion","ip":"127.0.0.1"}
[2025-12-07T11:11:27.072Z] WARN  Código no encontrado o inactivo | {"code":404,"endpoint":"/captura/sesion","codigo":"ABC123"}
[2025-12-07T11:11:27.519Z] INFO  REQUEST | {"method":"POST","url":"/captura/sesion","ip":"127.0.0.1"}
[2025-12-07T11:11:27.520Z] WARN  Código no encontrado o inactivo | {"code":404,"endpoint":"/captura/sesion","codigo":"ABC123"}
[2025-12-07T11:11:27.907Z] INFO  REQUEST | {"method":"POST","url":"/captura/sesion","ip":"127.0.0.1"}
[2025-12-07T11:11:27.908Z] WARN  Código no encontrado o inactivo | {"code":404,"endpoint":"/captura/sesion","codigo":"ABC123"}
[2025-12-07T11:11:28.349Z] INFO  REQUEST | {"method":"POST","url":"/captura/sesion","ip":"127.0.0.1"}
[2025-12-07T11:11:28.350Z] WARN  Código no encontrado o inactivo | {"code":404,"endpoint":"/captura/sesion","codigo":"ABC123"}
[2025-12-07T11:11:28.645Z] INFO  REQUEST | {"method":"POST","url":"/captura/sesion","ip":"127.0.0.1"}
[2025-12-07T11:11:28.646Z] WARN  Código no encontrado o inactivo | {"code":404,"endpoint":"/captura/sesion","codigo":"ABC123"}
[2025-12-07T11:11:28.885Z] INFO  REQUEST | {"method":"POST","url":"/captura/sesion","ip":"127.0.0.1"}
[2025-12-07T11:11:28.886Z] WARN  Código no encontrado o inactivo | {"code":404,"endpoint":"/captura/sesion","codigo":"ABC123"}
[2025-12-07T11:15:01.796Z] INFO  REQUEST | {"method":"POST","url":"/auth/login","ip":"127.0.0.1"}
[2025-12-07T11:15:01.797Z] WARN  Intento de login fallido | {"endpoint":"/auth/login","username":"a"}
[2025-12-07T11:15:01.797Z] WARN  Credenciales inválidas | {"code":401,"endpoint":"/auth/login"}
[2025-12-07T11:15:02.682Z] INFO  REQUEST | {"method":"POST","url":"/auth/login","ip":"127.0.0.1"}
[2025-12-07T11:15:02.682Z] WARN  Intento de login fallido | {"endpoint":"/auth/login","username":"a"}
[2025-12-07T11:15:02.682Z] WARN  Credenciales inválidas | {"code":401,"endpoint":"/auth/login"}
[2025-12-07T11:15:34.391Z] INFO  REQUEST | {"method":"POST","url":"/auth/login","ip":"127.0.0.1"}
[2025-12-07T11:15:34.391Z] WARN  Intento de login fallido | {"endpoint":"/auth/login","username":"a"}
[2025-12-07T11:15:34.392Z] WARN  Credenciales inválidas | {"code":401,"endpoint":"/auth/login"}
[2025-12-07T11:15:37.054Z] INFO  REQUEST | {"method":"POST","url":"/auth/login","ip":"127.0.0.1"}
[2025-12-07T11:15:37.054Z] WARN  Intento de login fallido | {"endpoint":"/auth/login","username":"admin"}
[2025-12-07T11:15:37.054Z] WARN  Credenciales inválidas | {"code":401,"endpoint":"/auth/login"}
[2025-12-07T11:15:37.377Z] INFO  REQUEST | {"method":"POST","url":"/auth/login","ip":"127.0.0.1"}
[2025-12-07T11:15:37.378Z] WARN  Intento de login fallido | {"endpoint":"/auth/login","username":"admin"}
[2025-12-07T11:15:37.378Z] WARN  Credenciales inválidas | {"code":401,"endpoint":"/auth/login"}
[2025-12-07T11:15:41.562Z] INFO  REQUEST | {"method":"POST","url":"/auth/login","ip":"127.0.0.1"}
[2025-12-07T11:15:41.563Z] INFO  Login exitoso | {"endpoint":"/auth/login","username":"admin"}
[2025-12-07T11:15:42.370Z] INFO  REQUEST | {"method":"GET","url":"/admin/codigos","ip":"127.0.0.1","hasAuth":true}
[2025-12-07T11:15:58.733Z] INFO  REQUEST | {"method":"POST","url":"/auth/login","ip":"127.0.0.1"}
[2025-12-07T11:15:59.385Z] INFO  REQUEST | {"method":"POST","url":"/auth/login","ip":"127.0.0.1"}
[2025-12-07T11:15:59.835Z] INFO  REQUEST | {"method":"POST","url":"/auth/login","ip":"127.0.0.1"}
[2025-12-07T11:16:00.046Z] INFO  REQUEST | {"method":"POST","url":"/auth/login","ip":"127.0.0.1"}
[2025-12-07T11:16:13.985Z] INFO  REQUEST | {"method":"POST","url":"/auth/login","ip":"127.0.0.1"}
[2025-12-07T11:16:14.748Z] INFO  REQUEST | {"method":"POST","url":"/auth/login","ip":"127.0.0.1"}
[2025-12-07T11:16:15.430Z] INFO  REQUEST | {"method":"POST","url":"/auth/login","ip":"127.0.0.1"}
[2025-12-07T11:16:15.926Z] INFO  REQUEST | {"method":"POST","url":"/auth/login","ip":"127.0.0.1"}
[2025-12-07T11:16:16.419Z] INFO  REQUEST | {"method":"POST","url":"/auth/login","ip":"127.0.0.1"}
[2025-12-07T11:16:24.825Z] INFO  REQUEST | {"method":"POST","url":"/auth/login","ip":"127.0.0.1"}
[2025-12-07T11:16:25.597Z] INFO  REQUEST | {"method":"POST","url":"/auth/login","ip":"127.0.0.1"}
[2025-12-07T11:17:58.179Z] INFO  API escuchando en http://0.0.0.0:3001 | {"port":3001}
[2025-12-07T11:17:58.954Z] INFO  REQUEST | {"method":"POST","url":"/auth/login","ip":"127.0.0.1"}
[2025-12-07T11:17:58.963Z] INFO  Login exitoso | {"endpoint":"/auth/login","username":"admin"}
[2025-12-07T11:18:00.352Z] INFO  REQUEST | {"method":"GET","url":"/admin/codigos","ip":"127.0.0.1","hasAuth":true}
[2025-12-07T11:18:07.202Z] INFO  REQUEST | {"method":"POST","url":"/auth/login","ip":"127.0.0.1"}
[2025-12-07T11:18:07.203Z] WARN  Intento de login fallido | {"endpoint":"/auth/login","username":"a"}
[2025-12-07T11:18:07.203Z] WARN  Credenciales inválidas | {"code":401,"endpoint":"/auth/login"}
[2025-12-07T11:18:09.878Z] INFO  REQUEST | {"method":"POST","url":"/auth/login","ip":"127.0.0.1"}
[2025-12-07T11:18:09.879Z] WARN  Intento de login fallido | {"endpoint":"/auth/login","username":"a"}
[2025-12-07T11:18:09.879Z] WARN  Credenciales inválidas | {"code":401,"endpoint":"/auth/login"}
[2025-12-07T11:21:08.836Z] INFO  REQUEST | {"method":"POST","url":"/auth/login","ip":"127.0.0.1"}
[2025-12-07T11:21:08.837Z] WARN  Intento de login fallido | {"endpoint":"/auth/login","username":"a"}
[2025-12-07T11:21:08.838Z] WARN  Credenciales inválidas | {"code":401,"endpoint":"/auth/login"}
[2025-12-07T18:32:05.848Z] INFO  API escuchando en http://0.0.0.0:3001 | {"port":3001}
[2025-12-07T18:33:30.839Z] INFO  REQUEST | {"method":"POST","url":"/auth/login","ip":"192.168.100.90"}
[2025-12-07T18:33:30.853Z] INFO  Login exitoso | {"endpoint":"/auth/login","username":"admin"}
[2025-12-07T18:33:33.075Z] INFO  REQUEST | {"method":"GET","url":"/admin/codigos","ip":"192.168.100.90","hasAuth":true}
[2025-12-07T18:33:41.506Z] INFO  REQUEST | {"method":"POST","url":"/auth/login","ip":"192.168.100.90"}
[2025-12-07T18:33:41.507Z] WARN  Intento de login fallido | {"endpoint":"/auth/login","username":"ne"}
[2025-12-07T18:33:41.507Z] WARN  Credenciales inválidas | {"code":401,"endpoint":"/auth/login"}
[2025-12-07T19:51:19.444Z] INFO  REQUEST | {"method":"POST","url":"/auth/login","ip":"127.0.0.1"}
[2025-12-07T19:51:19.454Z] INFO  Login exitoso | {"endpoint":"/auth/login","username":"admin"}
[2025-12-07T19:51:22.075Z] INFO  REQUEST | {"method":"GET","url":"/admin/usuarios","ip":"127.0.0.1","hasAuth":true}
[2025-12-07T19:51:22.076Z] WARN  Ruta no encontrada | {"code":404,"endpoint":"/admin/usuarios","method":"GET"}
[2025-12-07T19:51:24.249Z] INFO  REQUEST | {"method":"GET","url":"/admin/usuarios","ip":"127.0.0.1","hasAuth":true}
[2025-12-07T19:51:24.250Z] WARN  Ruta no encontrada | {"code":404,"endpoint":"/admin/usuarios","method":"GET"}
[2025-12-07T19:51:39.715Z] INFO  Migración: tabla usuarios creada
[2025-12-07T19:51:39.767Z] INFO  API escuchando en http://0.0.0.0:3001 | {"port":3001}
[2025-12-07T19:51:42.331Z] INFO  REQUEST | {"method":"GET","url":"/admin/usuarios","ip":"127.0.0.1","hasAuth":true}
[2025-12-07T19:51:59.247Z] INFO  REQUEST | {"method":"POST","url":"/admin/usuarios","ip":"127.0.0.1","hasAuth":true}
[2025-12-07T19:51:59.271Z] INFO  Usuario creado | {"endpoint":"/admin/usuarios","id":1,"username":"AdminPrueba"}
[2025-12-07T19:51:59.280Z] INFO  REQUEST | {"method":"GET","url":"/admin/usuarios","ip":"127.0.0.1","hasAuth":true}
[2025-12-07T19:52:08.696Z] INFO  REQUEST | {"method":"POST","url":"/admin/usuarios","ip":"127.0.0.1","hasAuth":true}
[2025-12-07T19:52:08.732Z] INFO  Usuario creado | {"endpoint":"/admin/usuarios","id":2,"username":"admin"}
[2025-12-07T19:52:08.741Z] INFO  REQUEST | {"method":"GET","url":"/admin/usuarios","ip":"127.0.0.1","hasAuth":true}
[2025-12-07T19:52:17.042Z] INFO  REQUEST | {"method":"POST","url":"/auth/login","ip":"127.0.0.1"}
[2025-12-07T19:52:17.049Z] INFO  Login exitoso | {"endpoint":"/auth/login","username":"admin","userId":2}
[2025-12-07T19:52:19.200Z] INFO  REQUEST | {"method":"GET","url":"/admin/usuarios","ip":"127.0.0.1","hasAuth":true}
[2025-12-07T19:52:28.809Z] INFO  REQUEST | {"method":"POST","url":"/auth/login","ip":"127.0.0.1"}
[2025-12-07T19:52:28.811Z] WARN  Intento de login fallido - usuario no encontrado | {"endpoint":"/auth/login","username":"adminPrueba"}
[2025-12-07T19:52:28.811Z] WARN  Credenciales inválidas | {"code":401,"endpoint":"/auth/login"}
[2025-12-07T19:52:32.293Z] INFO  REQUEST | {"method":"POST","url":"/auth/login","ip":"127.0.0.1"}
[2025-12-07T19:52:32.298Z] INFO  Login exitoso | {"endpoint":"/auth/login","username":"admin","userId":2}
[2025-12-07T19:52:34.332Z] INFO  REQUEST | {"method":"GET","url":"/admin/usuarios","ip":"127.0.0.1","hasAuth":true}
[2025-12-07T19:52:45.148Z] INFO  REQUEST | {"method":"POST","url":"/auth/login","ip":"127.0.0.1"}
[2025-12-07T19:52:45.151Z] INFO  Login exitoso | {"endpoint":"/auth/login","username":"AdminPrueba","userId":1}
[2025-12-07T19:52:47.473Z] INFO  REQUEST | {"method":"GET","url":"/admin/codigos","ip":"127.0.0.1","hasAuth":true}
[2025-12-07T19:54:22.216Z] INFO  REQUEST | {"method":"POST","url":"/auth/login","ip":"127.0.0.1"}
[2025-12-07T19:54:22.219Z] INFO  Login exitoso | {"endpoint":"/auth/login","username":"admin","userId":2}
